# JRE version: Java(TM) SE Runtime Environment (8.0_202-b08) (build 1.8.0_202-b08)
# Java VM: Java HotSpot(TM) 64-Bit Server VM (25.202-b08 mixed mode windows-amd64 compressed oops)
Heap:
 PSYoungGen      total 334336K, used 193196K [0x00000000d5b80000, 0x00000000f2900000, 0x0000000100000000)
  eden space 306176K, 63% used [0x00000000d5b80000,0x00000000e18232c8,0x00000000e8680000)
  from space 28160K, 0% used [0x00000000e8680000,0x00000000e8688000,0x00000000ea200000)
  to   space 27648K, 0% used [0x00000000f0e00000,0x00000000f0e00000,0x00000000f2900000)
 ParOldGen       total 131072K, used 68072K [0x0000000081200000, 0x0000000089200000, 0x00000000d5b80000)
  object space 131072K, 51% used [0x0000000081200000,0x000000008547a208,0x0000000089200000)
 Metaspace       used 16469K, capacity 16744K, committed 17024K, reserved 1064960K
  class space    used 1477K, capacity 1568K, committed 1664K, reserved 1048576K
GC Heap History (10 events):
Event: 3.707 GC heap before
{Heap before GC invocations=8 (full 1):
 PSYoungGen      total 154112K, used 127512K [0x00000000d5b80000, 0x00000000e1080000, 0x0000000100000000)
  eden space 122368K, 100% used [0x00000000d5b80000,0x00000000dd300000,0x00000000dd300000)
  from space 31744K, 16% used [0x00000000df100000,0x00000000df606070,0x00000000e1000000)
  to   space 30720K, 0% used [0x00000000dd300000,0x00000000dd300000,0x00000000df100000)
 ParOldGen       total 131072K, used 62939K [0x0000000081200000, 0x0000000089200000, 0x00000000d5b80000)
  object space 131072K, 48% used [0x0000000081200000,0x0000000084f76cf8,0x0000000089200000)
 Metaspace       used 16207K, capacity 16488K, committed 16768K, reserved 1064960K
  class space    used 1476K, capacity 1568K, committed 1664K, reserved 1048576K
Event: 3.711 GC heap after
Heap after GC invocations=8 (full 1):
 PSYoungGen      total 153088K, used 5144K [0x00000000d5b80000, 0x00000000e6f80000, 0x0000000100000000)
  eden space 122368K, 0% used [0x00000000d5b80000,0x00000000d5b80000,0x00000000dd300000)
  from space 30720K, 16% used [0x00000000dd300000,0x00000000dd806070,0x00000000df100000)
  to   space 29696K, 0% used [0x00000000e5280000,0x00000000e5280000,0x00000000e6f80000)
 ParOldGen       total 131072K, used 62947K [0x0000000081200000, 0x0000000089200000, 0x00000000d5b80000)
  object space 131072K, 48% used [0x0000000081200000,0x0000000084f78cf8,0x0000000089200000)
 Metaspace       used 16207K, capacity 16488K, committed 16768K, reserved 1064960K
  class space    used 1476K, capacity 1568K, committed 1664K, reserved 1048576K
}
Event: 4.489 GC heap before
{Heap before GC invocations=9 (full 1):
 PSYoungGen      total 153088K, used 127407K [0x00000000d5b80000, 0x00000000e6f80000, 0x0000000100000000)
  eden space 122368K, 99% used [0x00000000d5b80000,0x00000000dd2e5c28,0x00000000dd300000)
  from space 30720K, 16% used [0x00000000dd300000,0x00000000dd806070,0x00000000df100000)
  to   space 29696K, 0% used [0x00000000e5280000,0x00000000e5280000,0x00000000e6f80000)
 ParOldGen       total 131072K, used 62947K [0x0000000081200000, 0x0000000089200000, 0x00000000d5b80000)
  object space 131072K, 48% used [0x0000000081200000,0x0000000084f78cf8,0x0000000089200000)
 Metaspace       used 16286K, capacity 16552K, committed 16768K, reserved 1064960K
  class space    used 1476K, capacity 1568K, committed 1664K, reserved 1048576K
Event: 4.493 GC heap after
Heap after GC invocations=9 (full 1):
 PSYoungGen      total 241664K, used 1824K [0x00000000d5b80000, 0x00000000e6980000, 0x0000000100000000)
  eden space 218112K, 0% used [0x00000000d5b80000,0x00000000d5b80000,0x00000000e3080000)
  from space 23552K, 7% used [0x00000000e5280000,0x00000000e5448020,0x00000000e6980000)
  to   space 29184K, 0% used [0x00000000e3080000,0x00000000e3080000,0x00000000e4d00000)
 ParOldGen       total 131072K, used 66320K [0x0000000081200000, 0x0000000089200000, 0x00000000d5b80000)
  object space 131072K, 50% used [0x0000000081200000,0x00000000852c41e8,0x0000000089200000)
 Metaspace       used 16286K, capacity 16552K, committed 16768K, reserved 1064960K
  class space    used 1476K, capacity 1568K, committed 1664K, reserved 1048576K
}
Event: 5.944 GC heap before
{Heap before GC invocations=10 (full 1):
 PSYoungGen      total 241664K, used 219793K [0x00000000d5b80000, 0x00000000e6980000, 0x0000000100000000)
  eden space 218112K, 99% used [0x00000000d5b80000,0x00000000e305c588,0x00000000e3080000)
  from space 23552K, 7% used [0x00000000e5280000,0x00000000e5448020,0x00000000e6980000)
  to   space 29184K, 0% used [0x00000000e3080000,0x00000000e3080000,0x00000000e4d00000)
 ParOldGen       total 131072K, used 66320K [0x0000000081200000, 0x0000000089200000, 0x00000000d5b80000)
  object space 131072K, 50% used [0x0000000081200000,0x00000000852c41e8,0x0000000089200000)
 Metaspace       used 16328K, capacity 16616K, committed 17024K, reserved 1064960K
  class space    used 1476K, capacity 1568K, committed 1664K, reserved 1048576K
Event: 5.948 GC heap after
Heap after GC invocations=10 (full 1):
 PSYoungGen      total 247296K, used 64K [0x00000000d5b80000, 0x00000000ec600000, 0x0000000100000000)
  eden space 218112K, 0% used [0x00000000d5b80000,0x00000000d5b80000,0x00000000e3080000)
  from space 29184K, 0% used [0x00000000e3080000,0x00000000e3090000,0x00000000e4d00000)
  to   space 28672K, 0% used [0x00000000eaa00000,0x00000000eaa00000,0x00000000ec600000)
 ParOldGen       total 131072K, used 68048K [0x0000000081200000, 0x0000000089200000, 0x00000000d5b80000)
  object space 131072K, 51% used [0x0000000081200000,0x0000000085474208,0x0000000089200000)
 Metaspace       used 16328K, capacity 16616K, committed 17024K, reserved 1064960K
  class space    used 1476K, capacity 1568K, committed 1664K, reserved 1048576K
}
Event: 7.441 GC heap before
{Heap before GC invocations=11 (full 1):
 PSYoungGen      total 247296K, used 217727K [0x00000000d5b80000, 0x00000000ec600000, 0x0000000100000000)
  eden space 218112K, 99% used [0x00000000d5b80000,0x00000000e300fec0,0x00000000e3080000)
  from space 29184K, 0% used [0x00000000e3080000,0x00000000e3090000,0x00000000e4d00000)
  to   space 28672K, 0% used [0x00000000eaa00000,0x00000000eaa00000,0x00000000ec600000)
 ParOldGen       total 131072K, used 68048K [0x0000000081200000, 0x0000000089200000, 0x00000000d5b80000)
  object space 131072K, 51% used [0x0000000081200000,0x0000000085474208,0x0000000089200000)
 Metaspace       used 16404K, capacity 16680K, committed 17024K, reserved 1064960K
  class space    used 1476K, capacity 1568K, committed 1664K, reserved 1048576K
Event: 7.444 GC heap after
Heap after GC invocations=11 (full 1):
 PSYoungGen      total 326144K, used 64K [0x00000000d5b80000, 0x00000000ebd80000, 0x0000000100000000)
  eden space 306176K, 0% used [0x00000000d5b80000,0x00000000d5b80000,0x00000000e8680000)
  from space 19968K, 0% used [0x00000000eaa00000,0x00000000eaa10000,0x00000000ebd80000)
  to   space 28160K, 0% used [0x00000000e8680000,0x00000000e8680000,0x00000000ea200000)
 ParOldGen       total 131072K, used 68064K [0x0000000081200000, 0x0000000089200000, 0x00000000d5b80000)
  object space 131072K, 51% used [0x0000000081200000,0x0000000085478208,0x0000000089200000)
 Metaspace       used 16404K, capacity 16680K, committed 17024K, reserved 1064960K
  class space    used 1476K, capacity 1568K, committed 1664K, reserved 1048576K
}
Event: 9.440 GC heap before
{Heap before GC invocations=12 (full 1):
 PSYoungGen      total 326144K, used 305910K [0x00000000d5b80000, 0x00000000ebd80000, 0x0000000100000000)
  eden space 306176K, 99% used [0x00000000d5b80000,0x00000000e862da78,0x00000000e8680000)
  from space 19968K, 0% used [0x00000000eaa00000,0x00000000eaa10000,0x00000000ebd80000)
  to   space 28160K, 0% used [0x00000000e8680000,0x00000000e8680000,0x00000000ea200000)
 ParOldGen       total 131072K, used 68064K [0x0000000081200000, 0x0000000089200000, 0x00000000d5b80000)
  object space 131072K, 51% used [0x0000000081200000,0x0000000085478208,0x0000000089200000)
 Metaspace       used 16463K, capacity 16744K, committed 17024K, reserved 1064960K
  class space    used 1476K, capacity 1568K, committed 1664K, reserved 1048576K
Event: 9.443 GC heap after
Heap after GC invocations=12 (full 1):
 PSYoungGen      total 334336K, used 32K [0x00000000d5b80000, 0x00000000f2900000, 0x0000000100000000)
  eden space 306176K, 0% used [0x00000000d5b80000,0x00000000d5b80000,0x00000000e8680000)
  from space 28160K, 0% used [0x00000000e8680000,0x00000000e8688000,0x00000000ea200000)
  to   space 27648K, 0% used [0x00000000f0e00000,0x00000000f0e00000,0x00000000f2900000)
 ParOldGen       total 131072K, used 68072K [0x0000000081200000, 0x0000000089200000, 0x00000000d5b80000)
  object space 131072K, 51% used [0x0000000081200000,0x000000008547a208,0x0000000089200000)
 Metaspace       used 16463K, capacity 16744K, committed 17024K, reserved 1064960K
  class space    used 1476K, capacity 1568K, committed 1664K, reserved 1048576K
}

