# JRE version: Java(TM) SE Runtime Environment (8.0_202-b08) (build 1.8.0_202-b08)
# Java VM: Java HotSpot(TM) 64-Bit Server VM (25.202-b08 mixed mode windows-amd64 compressed oops)
Heap:
 PSYoungGen      total 623616K, used 68265K [0x00000000d5b80000, 0x0000000100000000, 0x0000000100000000)
  eden space 602624K, 11% used [0x00000000d5b80000,0x00000000d9e12488,0x00000000fa800000)
  from space 20992K, 0% used [0x00000000fa800000,0x00000000fa818000,0x00000000fbc80000)
  to   space 19968K, 0% used [0x00000000fec80000,0x00000000fec80000,0x0000000100000000)
 ParOldGen       total 131072K, used 68062K [0x0000000081200000, 0x0000000089200000, 0x00000000d5b80000)
  object space 131072K, 51% used [0x0000000081200000,0x0000000085477a70,0x0000000089200000)
 Metaspace       used 16508K, capacity 16744K, committed 17024K, reserved 1064960K
  class space    used 1477K, capacity 1568K, committed 1664K, reserved 1048576K
GC Heap History (10 events):
Event: 15.761 GC heap before
{Heap before GC invocations=14 (full 1):
 PSYoungGen      total 423424K, used 411712K [0x00000000d5b80000, 0x00000000f1f80000, 0x0000000100000000)
  eden space 411648K, 100% used [0x00000000d5b80000,0x00000000eed80000,0x00000000eed80000)
  from space 11776K, 0% used [0x00000000f1400000,0x00000000f1410000,0x00000000f1f80000)
  to   space 25600K, 0% used [0x00000000eed80000,0x00000000eed80000,0x00000000f0680000)
 ParOldGen       total 131072K, used 68046K [0x0000000081200000, 0x0000000089200000, 0x00000000d5b80000)
  object space 131072K, 51% used [0x0000000081200000,0x0000000085473a70,0x0000000089200000)
 Metaspace       used 16502K, capacity 16744K, committed 17024K, reserved 1064960K
  class space    used 1476K, capacity 1568K, committed 1664K, reserved 1048576K
Event: 15.764 GC heap after
Heap after GC invocations=14 (full 1):
 PSYoungGen      total 437248K, used 64K [0x00000000d5b80000, 0x00000000f9080000, 0x0000000100000000)
  eden space 411648K, 0% used [0x00000000d5b80000,0x00000000d5b80000,0x00000000eed80000)
  from space 25600K, 0% used [0x00000000eed80000,0x00000000eed90000,0x00000000f0680000)
  to   space 24576K, 0% used [0x00000000f7880000,0x00000000f7880000,0x00000000f9080000)
 ParOldGen       total 131072K, used 68062K [0x0000000081200000, 0x0000000089200000, 0x00000000d5b80000)
  object space 131072K, 51% used [0x0000000081200000,0x0000000085477a70,0x0000000089200000)
 Metaspace       used 16502K, capacity 16744K, committed 17024K, reserved 1064960K
  class space    used 1476K, capacity 1568K, committed 1664K, reserved 1048576K
}
Event: 18.446 GC heap before
{Heap before GC invocations=15 (full 1):
 PSYoungGen      total 437248K, used 411712K [0x00000000d5b80000, 0x00000000f9080000, 0x0000000100000000)
  eden space 411648K, 100% used [0x00000000d5b80000,0x00000000eed80000,0x00000000eed80000)
  from space 25600K, 0% used [0x00000000eed80000,0x00000000eed90000,0x00000000f0680000)
  to   space 24576K, 0% used [0x00000000f7880000,0x00000000f7880000,0x00000000f9080000)
 ParOldGen       total 131072K, used 68062K [0x0000000081200000, 0x0000000089200000, 0x00000000d5b80000)
  object space 131072K, 51% used [0x0000000081200000,0x0000000085477a70,0x0000000089200000)
 Metaspace       used 16502K, capacity 16744K, committed 17024K, reserved 1064960K
  class space    used 1476K, capacity 1568K, committed 1664K, reserved 1048576K
Event: 18.452 GC heap after
Heap after GC invocations=15 (full 1):
 PSYoungGen      total 520192K, used 32K [0x00000000d5b80000, 0x00000000f7f00000, 0x0000000100000000)
  eden space 513536K, 0% used [0x00000000d5b80000,0x00000000d5b80000,0x00000000f5100000)
  from space 6656K, 0% used [0x00000000f7880000,0x00000000f7888000,0x00000000f7f00000)
  to   space 23552K, 0% used [0x00000000f5100000,0x00000000f5100000,0x00000000f6800000)
 ParOldGen       total 131072K, used 68062K [0x0000000081200000, 0x0000000089200000, 0x00000000d5b80000)
  object space 131072K, 51% used [0x0000000081200000,0x0000000085477a70,0x0000000089200000)
 Metaspace       used 16502K, capacity 16744K, committed 17024K, reserved 1064960K
  class space    used 1476K, capacity 1568K, committed 1664K, reserved 1048576K
}
Event: 21.828 GC heap before
{Heap before GC invocations=16 (full 1):
 PSYoungGen      total 520192K, used 512722K [0x00000000d5b80000, 0x00000000f7f00000, 0x0000000100000000)
  eden space 513536K, 99% used [0x00000000d5b80000,0x00000000f502cb70,0x00000000f5100000)
  from space 6656K, 0% used [0x00000000f7880000,0x00000000f7888000,0x00000000f7f00000)
  to   space 23552K, 0% used [0x00000000f5100000,0x00000000f5100000,0x00000000f6800000)
 ParOldGen       total 131072K, used 68062K [0x0000000081200000, 0x0000000089200000, 0x00000000d5b80000)
  object space 131072K, 51% used [0x0000000081200000,0x0000000085477a70,0x0000000089200000)
 Metaspace       used 16502K, capacity 16744K, committed 17024K, reserved 1064960K
  class space    used 1476K, capacity 1568K, committed 1664K, reserved 1048576K
Event: 21.831 GC heap after
Heap after GC invocations=16 (full 1):
 PSYoungGen      total 537088K, used 32K [0x00000000d5b80000, 0x00000000fe600000, 0x0000000100000000)
  eden space 513536K, 0% used [0x00000000d5b80000,0x00000000d5b80000,0x00000000f5100000)
  from space 23552K, 0% used [0x00000000f5100000,0x00000000f5108000,0x00000000f6800000)
  to   space 22528K, 0% used [0x00000000fd000000,0x00000000fd000000,0x00000000fe600000)
 ParOldGen       total 131072K, used 68062K [0x0000000081200000, 0x0000000089200000, 0x00000000d5b80000)
  object space 131072K, 51% used [0x0000000081200000,0x0000000085477a70,0x0000000089200000)
 Metaspace       used 16502K, capacity 16744K, committed 17024K, reserved 1064960K
  class space    used 1476K, capacity 1568K, committed 1664K, reserved 1048576K
}
Event: 25.194 GC heap before
{Heap before GC invocations=17 (full 1):
 PSYoungGen      total 537088K, used 513048K [0x00000000d5b80000, 0x00000000fe600000, 0x0000000100000000)
  eden space 513536K, 99% used [0x00000000d5b80000,0x00000000f507e140,0x00000000f5100000)
  from space 23552K, 0% used [0x00000000f5100000,0x00000000f5108000,0x00000000f6800000)
  to   space 22528K, 0% used [0x00000000fd000000,0x00000000fd000000,0x00000000fe600000)
 ParOldGen       total 131072K, used 68062K [0x0000000081200000, 0x0000000089200000, 0x00000000d5b80000)
  object space 131072K, 51% used [0x0000000081200000,0x0000000085477a70,0x0000000089200000)
 Metaspace       used 16502K, capacity 16744K, committed 17024K, reserved 1064960K
  class space    used 1476K, capacity 1568K, committed 1664K, reserved 1048576K
Event: 25.195 GC heap after
Heap after GC invocations=17 (full 1):
 PSYoungGen      total 603648K, used 96K [0x00000000d5b80000, 0x00000000fd100000, 0x0000000100000000)
  eden space 602624K, 0% used [0x00000000d5b80000,0x00000000d5b80000,0x00000000fa800000)
  from space 1024K, 9% used [0x00000000fd000000,0x00000000fd018000,0x00000000fd100000)
  to   space 20992K, 0% used [0x00000000fa800000,0x00000000fa800000,0x00000000fbc80000)
 ParOldGen       total 131072K, used 68062K [0x0000000081200000, 0x0000000089200000, 0x00000000d5b80000)
  object space 131072K, 51% used [0x0000000081200000,0x0000000085477a70,0x0000000089200000)
 Metaspace       used 16502K, capacity 16744K, committed 17024K, reserved 1064960K
  class space    used 1476K, capacity 1568K, committed 1664K, reserved 1048576K
}
Event: 29.163 GC heap before
{Heap before GC invocations=18 (full 1):
 PSYoungGen      total 603648K, used 602720K [0x00000000d5b80000, 0x00000000fd100000, 0x0000000100000000)
  eden space 602624K, 100% used [0x00000000d5b80000,0x00000000fa800000,0x00000000fa800000)
  from space 1024K, 9% used [0x00000000fd000000,0x00000000fd018000,0x00000000fd100000)
  to   space 20992K, 0% used [0x00000000fa800000,0x00000000fa800000,0x00000000fbc80000)
 ParOldGen       total 131072K, used 68062K [0x0000000081200000, 0x0000000089200000, 0x00000000d5b80000)
  object space 131072K, 51% used [0x0000000081200000,0x0000000085477a70,0x0000000089200000)
 Metaspace       used 16502K, capacity 16744K, committed 17024K, reserved 1064960K
  class space    used 1476K, capacity 1568K, committed 1664K, reserved 1048576K
Event: 29.166 GC heap after
Heap after GC invocations=18 (full 1):
 PSYoungGen      total 623616K, used 96K [0x00000000d5b80000, 0x0000000100000000, 0x0000000100000000)
  eden space 602624K, 0% used [0x00000000d5b80000,0x00000000d5b80000,0x00000000fa800000)
  from space 20992K, 0% used [0x00000000fa800000,0x00000000fa818000,0x00000000fbc80000)
  to   space 19968K, 0% used [0x00000000fec80000,0x00000000fec80000,0x0000000100000000)
 ParOldGen       total 131072K, used 68062K [0x0000000081200000, 0x0000000089200000, 0x00000000d5b80000)
  object space 131072K, 51% used [0x0000000081200000,0x0000000085477a70,0x0000000089200000)
 Metaspace       used 16502K, capacity 16744K, committed 17024K, reserved 1064960K
  class space    used 1476K, capacity 1568K, committed 1664K, reserved 1048576K
}

