# JRE version: Java(TM) SE Runtime Environment (8.0_202-b08) (build 1.8.0_202-b08)
# Java VM: Java HotSpot(TM) 64-Bit Server VM (25.202-b08 mixed mode windows-amd64 compressed oops)
Heap:
 PSYoungGen      total 584192K, used 317427K [0x00000000d5b80000, 0x0000000100000000, 0x0000000100000000)
  eden space 559616K, 56% used [0x00000000d5b80000,0x00000000e916cfa8,0x00000000f7e00000)
  from space 24576K, 0% used [0x00000000f7e00000,0x00000000f7e10000,0x00000000f9600000)
  to   space 23552K, 0% used [0x00000000fe900000,0x00000000fe900000,0x0000000100000000)
 ParOldGen       total 130048K, used 68121K [0x0000000081200000, 0x0000000089100000, 0x00000000d5b80000)
  object space 130048K, 52% used [0x0000000081200000,0x00000000854865c0,0x0000000089100000)
 Metaspace       used 16500K, capacity 16744K, committed 17024K, reserved 1064960K
  class space    used 1475K, capacity 1568K, committed 1664K, reserved 1048576K
GC Heap History (10 events):
Event: 11.625 GC heap before
{Heap before GC invocations=12 (full 1):
 PSYoungGen      total 344576K, used 324077K [0x00000000d5b80000, 0x00000000ecf00000, 0x0000000100000000)
  eden space 324096K, 99% used [0x00000000d5b80000,0x00000000e97eb4f8,0x00000000e9800000)
  from space 20480K, 0% used [0x00000000ebb00000,0x00000000ebb10000,0x00000000ecf00000)
  to   space 28160K, 0% used [0x00000000e9800000,0x00000000e9800000,0x00000000eb380000)
 ParOldGen       total 130048K, used 68073K [0x0000000081200000, 0x0000000089100000, 0x00000000d5b80000)
  object space 130048K, 52% used [0x0000000081200000,0x000000008547a5c0,0x0000000089100000)
 Metaspace       used 16459K, capacity 16744K, committed 17024K, reserved 1064960K
  class space    used 1474K, capacity 1568K, committed 1664K, reserved 1048576K
Event: 11.628 GC heap after
Heap after GC invocations=12 (full 1):
 PSYoungGen      total 352256K, used 64K [0x00000000d5b80000, 0x00000000f4b00000, 0x0000000100000000)
  eden space 324096K, 0% used [0x00000000d5b80000,0x00000000d5b80000,0x00000000e9800000)
  from space 28160K, 0% used [0x00000000e9800000,0x00000000e9810000,0x00000000eb380000)
  to   space 27648K, 0% used [0x00000000f3000000,0x00000000f3000000,0x00000000f4b00000)
 ParOldGen       total 130048K, used 68097K [0x0000000081200000, 0x0000000089100000, 0x00000000d5b80000)
  object space 130048K, 52% used [0x0000000081200000,0x00000000854805c0,0x0000000089100000)
 Metaspace       used 16459K, capacity 16744K, committed 17024K, reserved 1064960K
  class space    used 1474K, capacity 1568K, committed 1664K, reserved 1048576K
}
Event: 13.878 GC heap before
{Heap before GC invocations=13 (full 1):
 PSYoungGen      total 352256K, used 324160K [0x00000000d5b80000, 0x00000000f4b00000, 0x0000000100000000)
  eden space 324096K, 100% used [0x00000000d5b80000,0x00000000e9800000,0x00000000e9800000)
  from space 28160K, 0% used [0x00000000e9800000,0x00000000e9810000,0x00000000eb380000)
  to   space 27648K, 0% used [0x00000000f3000000,0x00000000f3000000,0x00000000f4b00000)
 ParOldGen       total 130048K, used 68097K [0x0000000081200000, 0x0000000089100000, 0x00000000d5b80000)
  object space 130048K, 52% used [0x0000000081200000,0x00000000854805c0,0x0000000089100000)
 Metaspace       used 16489K, capacity 16744K, committed 17024K, reserved 1064960K
  class space    used 1474K, capacity 1568K, committed 1664K, reserved 1048576K
Event: 13.880 GC heap after
Heap after GC invocations=13 (full 1):
 PSYoungGen      total 452096K, used 96K [0x00000000d5b80000, 0x00000000f3c80000, 0x0000000100000000)
  eden space 439296K, 0% used [0x00000000d5b80000,0x00000000d5b80000,0x00000000f0880000)
  from space 12800K, 0% used [0x00000000f3000000,0x00000000f3018000,0x00000000f3c80000)
  to   space 26624K, 0% used [0x00000000f0880000,0x00000000f0880000,0x00000000f2280000)
 ParOldGen       total 130048K, used 68113K [0x0000000081200000, 0x0000000089100000, 0x00000000d5b80000)
  object space 130048K, 52% used [0x0000000081200000,0x00000000854845c0,0x0000000089100000)
 Metaspace       used 16489K, capacity 16744K, committed 17024K, reserved 1064960K
  class space    used 1474K, capacity 1568K, committed 1664K, reserved 1048576K
}
Event: 16.913 GC heap before
{Heap before GC invocations=14 (full 1):
 PSYoungGen      total 452096K, used 439392K [0x00000000d5b80000, 0x00000000f3c80000, 0x0000000100000000)
  eden space 439296K, 100% used [0x00000000d5b80000,0x00000000f0880000,0x00000000f0880000)
  from space 12800K, 0% used [0x00000000f3000000,0x00000000f3018000,0x00000000f3c80000)
  to   space 26624K, 0% used [0x00000000f0880000,0x00000000f0880000,0x00000000f2280000)
 ParOldGen       total 130048K, used 68113K [0x0000000081200000, 0x0000000089100000, 0x00000000d5b80000)
  object space 130048K, 52% used [0x0000000081200000,0x00000000854845c0,0x0000000089100000)
 Metaspace       used 16491K, capacity 16744K, committed 17024K, reserved 1064960K
  class space    used 1474K, capacity 1568K, committed 1664K, reserved 1048576K
Event: 16.916 GC heap after
Heap after GC invocations=14 (full 1):
 PSYoungGen      total 465920K, used 32K [0x00000000d5b80000, 0x00000000fc180000, 0x0000000100000000)
  eden space 439296K, 0% used [0x00000000d5b80000,0x00000000d5b80000,0x00000000f0880000)
  from space 26624K, 0% used [0x00000000f0880000,0x00000000f0888000,0x00000000f2280000)
  to   space 25600K, 0% used [0x00000000fa880000,0x00000000fa880000,0x00000000fc180000)
 ParOldGen       total 130048K, used 68121K [0x0000000081200000, 0x0000000089100000, 0x00000000d5b80000)
  object space 130048K, 52% used [0x0000000081200000,0x00000000854865c0,0x0000000089100000)
 Metaspace       used 16491K, capacity 16744K, committed 17024K, reserved 1064960K
  class space    used 1474K, capacity 1568K, committed 1664K, reserved 1048576K
}
Event: 19.913 GC heap before
{Heap before GC invocations=15 (full 1):
 PSYoungGen      total 465920K, used 439328K [0x00000000d5b80000, 0x00000000fc180000, 0x0000000100000000)
  eden space 439296K, 100% used [0x00000000d5b80000,0x00000000f0880000,0x00000000f0880000)
  from space 26624K, 0% used [0x00000000f0880000,0x00000000f0888000,0x00000000f2280000)
  to   space 25600K, 0% used [0x00000000fa880000,0x00000000fa880000,0x00000000fc180000)
 ParOldGen       total 130048K, used 68121K [0x0000000081200000, 0x0000000089100000, 0x00000000d5b80000)
  object space 130048K, 52% used [0x0000000081200000,0x00000000854865c0,0x0000000089100000)
 Metaspace       used 16491K, capacity 16744K, committed 17024K, reserved 1064960K
  class space    used 1474K, capacity 1568K, committed 1664K, reserved 1048576K
Event: 19.916 GC heap after
Heap after GC invocations=15 (full 1):
 PSYoungGen      total 565248K, used 64K [0x00000000d5b80000, 0x00000000fae00000, 0x0000000100000000)
  eden space 559616K, 0% used [0x00000000d5b80000,0x00000000d5b80000,0x00000000f7e00000)
  from space 5632K, 1% used [0x00000000fa880000,0x00000000fa890000,0x00000000fae00000)
  to   space 24576K, 0% used [0x00000000f7e00000,0x00000000f7e00000,0x00000000f9600000)
 ParOldGen       total 130048K, used 68121K [0x0000000081200000, 0x0000000089100000, 0x00000000d5b80000)
  object space 130048K, 52% used [0x0000000081200000,0x00000000854865c0,0x0000000089100000)
 Metaspace       used 16491K, capacity 16744K, committed 17024K, reserved 1064960K
  class space    used 1474K, capacity 1568K, committed 1664K, reserved 1048576K
}
Event: 23.687 GC heap before
{Heap before GC invocations=16 (full 1):
 PSYoungGen      total 565248K, used 559680K [0x00000000d5b80000, 0x00000000fae00000, 0x0000000100000000)
  eden space 559616K, 100% used [0x00000000d5b80000,0x00000000f7e00000,0x00000000f7e00000)
  from space 5632K, 1% used [0x00000000fa880000,0x00000000fa890000,0x00000000fae00000)
  to   space 24576K, 0% used [0x00000000f7e00000,0x00000000f7e00000,0x00000000f9600000)
 ParOldGen       total 130048K, used 68121K [0x0000000081200000, 0x0000000089100000, 0x00000000d5b80000)
  object space 130048K, 52% used [0x0000000081200000,0x00000000854865c0,0x0000000089100000)
 Metaspace       used 16492K, capacity 16744K, committed 17024K, reserved 1064960K
  class space    used 1474K, capacity 1568K, committed 1664K, reserved 1048576K
Event: 23.719 GC heap after
Heap after GC invocations=16 (full 1):
 PSYoungGen      total 584192K, used 64K [0x00000000d5b80000, 0x0000000100000000, 0x0000000100000000)
  eden space 559616K, 0% used [0x00000000d5b80000,0x00000000d5b80000,0x00000000f7e00000)
  from space 24576K, 0% used [0x00000000f7e00000,0x00000000f7e10000,0x00000000f9600000)
  to   space 23552K, 0% used [0x00000000fe900000,0x00000000fe900000,0x0000000100000000)
 ParOldGen       total 130048K, used 68121K [0x0000000081200000, 0x0000000089100000, 0x00000000d5b80000)
  object space 130048K, 52% used [0x0000000081200000,0x00000000854865c0,0x0000000089100000)
 Metaspace       used 16492K, capacity 16744K, committed 17024K, reserved 1064960K
  class space    used 1474K, capacity 1568K, committed 1664K, reserved 1048576K
}

