# JRE version: Java(TM) SE Runtime Environment (8.0_202-b08) (build 1.8.0_202-b08)
# Java VM: Java HotSpot(TM) 64-Bit Server VM (25.202-b08 mixed mode windows-amd64 compressed oops)
Heap:
 PSYoungGen      total 430592K, used 399528K [0x00000000d5b80000, 0x00000000f9600000, 0x0000000100000000)
  eden space 414720K, 96% used [0x00000000d5b80000,0x00000000ee18a1f8,0x00000000ef080000)
  from space 15872K, 0% used [0x00000000f7700000,0x00000000f7720000,0x00000000f8680000)
  to   space 14848K, 0% used [0x00000000f8780000,0x00000000f8780000,0x00000000f9600000)
 ParOldGen       total 130560K, used 68100K [0x0000000081200000, 0x0000000089180000, 0x00000000d5b80000)
  object space 130560K, 52% used [0x0000000081200000,0x0000000085481130,0x0000000089180000)
 Metaspace       used 16517K, capacity 16808K, committed 17024K, reserved 1064960K
  class space    used 1475K, capacity 1568K, committed 1664K, reserved 1048576K
GC Heap History (10 events):
Event: 66.798 GC heap before
{Heap before GC invocations=24 (full 1):
 PSYoungGen      total 525824K, used 525014K [0x00000000d5b80000, 0x00000000fb880000, 0x0000000100000000)
  eden space 525312K, 99% used [0x00000000d5b80000,0x00000000f5c1d9f0,0x00000000f5c80000)
  from space 512K, 18% used [0x00000000fb800000,0x00000000fb818000,0x00000000fb880000)
  to   space 20480K, 0% used [0x00000000f9080000,0x00000000f9080000,0x00000000fa480000)
 ParOldGen       total 130560K, used 68100K [0x0000000081200000, 0x0000000089180000, 0x00000000d5b80000)
  object space 130560K, 52% used [0x0000000081200000,0x0000000085481130,0x0000000089180000)
 Metaspace       used 16512K, capacity 16808K, committed 17024K, reserved 1064960K
  class space    used 1474K, capacity 1568K, committed 1664K, reserved 1048576K
Event: 66.801 GC heap after
Heap after GC invocations=24 (full 1):
 PSYoungGen      total 521216K, used 64K [0x00000000d5b80000, 0x00000000fb880000, 0x0000000100000000)
  eden space 500736K, 0% used [0x00000000d5b80000,0x00000000d5b80000,0x00000000f4480000)
  from space 20480K, 0% used [0x00000000f9080000,0x00000000f9090000,0x00000000fa480000)
  to   space 19456K, 0% used [0x00000000fa580000,0x00000000fa580000,0x00000000fb880000)
 ParOldGen       total 130560K, used 68100K [0x0000000081200000, 0x0000000089180000, 0x00000000d5b80000)
  object space 130560K, 52% used [0x0000000081200000,0x0000000085481130,0x0000000089180000)
 Metaspace       used 16512K, capacity 16808K, committed 17024K, reserved 1064960K
  class space    used 1474K, capacity 1568K, committed 1664K, reserved 1048576K
}
Event: 70.614 GC heap before
{Heap before GC invocations=25 (full 1):
 PSYoungGen      total 521216K, used 500800K [0x00000000d5b80000, 0x00000000fb880000, 0x0000000100000000)
  eden space 500736K, 100% used [0x00000000d5b80000,0x00000000f4480000,0x00000000f4480000)
  from space 20480K, 0% used [0x00000000f9080000,0x00000000f9090000,0x00000000fa480000)
  to   space 19456K, 0% used [0x00000000fa580000,0x00000000fa580000,0x00000000fb880000)
 ParOldGen       total 130560K, used 68100K [0x0000000081200000, 0x0000000089180000, 0x00000000d5b80000)
  object space 130560K, 52% used [0x0000000081200000,0x0000000085481130,0x0000000089180000)
 Metaspace       used 16512K, capacity 16808K, committed 17024K, reserved 1064960K
  class space    used 1474K, capacity 1568K, committed 1664K, reserved 1048576K
Event: 70.625 GC heap after
Heap after GC invocations=25 (full 1):
 PSYoungGen      total 478208K, used 96K [0x00000000d5b80000, 0x00000000fa600000, 0x0000000100000000)
  eden space 477696K, 0% used [0x00000000d5b80000,0x00000000d5b80000,0x00000000f2e00000)
  from space 512K, 18% used [0x00000000fa580000,0x00000000fa598000,0x00000000fa600000)
  to   space 17920K, 0% used [0x00000000f8300000,0x00000000f8300000,0x00000000f9480000)
 ParOldGen       total 130560K, used 68100K [0x0000000081200000, 0x0000000089180000, 0x00000000d5b80000)
  object space 130560K, 52% used [0x0000000081200000,0x0000000085481130,0x0000000089180000)
 Metaspace       used 16512K, capacity 16808K, committed 17024K, reserved 1064960K
  class space    used 1474K, capacity 1568K, committed 1664K, reserved 1048576K
}
Event: 74.238 GC heap before
{Heap before GC invocations=26 (full 1):
 PSYoungGen      total 478208K, used 477792K [0x00000000d5b80000, 0x00000000fa600000, 0x0000000100000000)
  eden space 477696K, 100% used [0x00000000d5b80000,0x00000000f2e00000,0x00000000f2e00000)
  from space 512K, 18% used [0x00000000fa580000,0x00000000fa598000,0x00000000fa600000)
  to   space 17920K, 0% used [0x00000000f8300000,0x00000000f8300000,0x00000000f9480000)
 ParOldGen       total 130560K, used 68100K [0x0000000081200000, 0x0000000089180000, 0x00000000d5b80000)
  object space 130560K, 52% used [0x0000000081200000,0x0000000085481130,0x0000000089180000)
 Metaspace       used 16512K, capacity 16808K, committed 17024K, reserved 1064960K
  class space    used 1474K, capacity 1568K, committed 1664K, reserved 1048576K
Event: 74.242 GC heap after
Heap after GC invocations=26 (full 1):
 PSYoungGen      total 473600K, used 64K [0x00000000d5b80000, 0x00000000fa600000, 0x0000000100000000)
  eden space 455680K, 0% used [0x00000000d5b80000,0x00000000d5b80000,0x00000000f1880000)
  from space 17920K, 0% used [0x00000000f8300000,0x00000000f8310000,0x00000000f9480000)
  to   space 16896K, 0% used [0x00000000f9580000,0x00000000f9580000,0x00000000fa600000)
 ParOldGen       total 130560K, used 68100K [0x0000000081200000, 0x0000000089180000, 0x00000000d5b80000)
  object space 130560K, 52% used [0x0000000081200000,0x0000000085481130,0x0000000089180000)
 Metaspace       used 16512K, capacity 16808K, committed 17024K, reserved 1064960K
  class space    used 1474K, capacity 1568K, committed 1664K, reserved 1048576K
}
Event: 77.652 GC heap before
{Heap before GC invocations=27 (full 1):
 PSYoungGen      total 473600K, used 455240K [0x00000000d5b80000, 0x00000000fa600000, 0x0000000100000000)
  eden space 455680K, 99% used [0x00000000d5b80000,0x00000000f1802088,0x00000000f1880000)
  from space 17920K, 0% used [0x00000000f8300000,0x00000000f8310000,0x00000000f9480000)
  to   space 16896K, 0% used [0x00000000f9580000,0x00000000f9580000,0x00000000fa600000)
 ParOldGen       total 130560K, used 68100K [0x0000000081200000, 0x0000000089180000, 0x00000000d5b80000)
  object space 130560K, 52% used [0x0000000081200000,0x0000000085481130,0x0000000089180000)
 Metaspace       used 16512K, capacity 16808K, committed 17024K, reserved 1064960K
  class space    used 1474K, capacity 1568K, committed 1664K, reserved 1048576K
Event: 77.659 GC heap after
Heap after GC invocations=27 (full 1):
 PSYoungGen      total 435200K, used 128K [0x00000000d5b80000, 0x00000000f9600000, 0x0000000100000000)
  eden space 434688K, 0% used [0x00000000d5b80000,0x00000000d5b80000,0x00000000f0400000)
  from space 512K, 25% used [0x00000000f9580000,0x00000000f95a0000,0x00000000f9600000)
  to   space 15872K, 0% used [0x00000000f7700000,0x00000000f7700000,0x00000000f8680000)
 ParOldGen       total 130560K, used 68100K [0x0000000081200000, 0x0000000089180000, 0x00000000d5b80000)
  object space 130560K, 52% used [0x0000000081200000,0x0000000085481130,0x0000000089180000)
 Metaspace       used 16512K, capacity 16808K, committed 17024K, reserved 1064960K
  class space    used 1474K, capacity 1568K, committed 1664K, reserved 1048576K
}
Event: 80.955 GC heap before
{Heap before GC invocations=28 (full 1):
 PSYoungGen      total 435200K, used 434655K [0x00000000d5b80000, 0x00000000f9600000, 0x0000000100000000)
  eden space 434688K, 99% used [0x00000000d5b80000,0x00000000f03d7c88,0x00000000f0400000)
  from space 512K, 25% used [0x00000000f9580000,0x00000000f95a0000,0x00000000f9600000)
  to   space 15872K, 0% used [0x00000000f7700000,0x00000000f7700000,0x00000000f8680000)
 ParOldGen       total 130560K, used 68100K [0x0000000081200000, 0x0000000089180000, 0x00000000d5b80000)
  object space 130560K, 52% used [0x0000000081200000,0x0000000085481130,0x0000000089180000)
 Metaspace       used 16512K, capacity 16808K, committed 17024K, reserved 1064960K
  class space    used 1474K, capacity 1568K, committed 1664K, reserved 1048576K
Event: 80.958 GC heap after
Heap after GC invocations=28 (full 1):
 PSYoungGen      total 430592K, used 128K [0x00000000d5b80000, 0x00000000f9600000, 0x0000000100000000)
  eden space 414720K, 0% used [0x00000000d5b80000,0x00000000d5b80000,0x00000000ef080000)
  from space 15872K, 0% used [0x00000000f7700000,0x00000000f7720000,0x00000000f8680000)
  to   space 14848K, 0% used [0x00000000f8780000,0x00000000f8780000,0x00000000f9600000)
 ParOldGen       total 130560K, used 68100K [0x0000000081200000, 0x0000000089180000, 0x00000000d5b80000)
  object space 130560K, 52% used [0x0000000081200000,0x0000000085481130,0x0000000089180000)
 Metaspace       used 16512K, capacity 16808K, committed 17024K, reserved 1064960K
  class space    used 1474K, capacity 1568K, committed 1664K, reserved 1048576K
}

