# JRE version: Java(TM) SE Runtime Environment (8.0_202-b08) (build 1.8.0_202-b08)
# Java VM: Java HotSpot(TM) 64-Bit Server VM (25.202-b08 mixed mode windows-amd64 compressed oops)
Heap:
 PSYoungGen      total 500736K, used 491695K [0x00000000d5b80000, 0x00000000fc000000, 0x0000000100000000)
  eden space 500224K, 98% used [0x00000000d5b80000,0x00000000f3b9bdc0,0x00000000f4400000)
  from space 512K, 12% used [0x00000000fbf80000,0x00000000fbf90000,0x00000000fc000000)
  to   space 18432K, 0% used [0x00000000f9c00000,0x00000000f9c00000,0x00000000fae00000)
 ParOldGen       total 130560K, used 68178K [0x0000000081200000, 0x0000000089180000, 0x00000000d5b80000)
  object space 130560K, 52% used [0x0000000081200000,0x0000000085494b68,0x0000000089180000)
 Metaspace       used 16498K, capacity 16712K, committed 16896K, reserved 1064960K
  class space    used 1469K, capacity 1536K, committed 1536K, reserved 1048576K
GC Heap History (10 events):
Event: 44.532 GC heap before
{Heap before GC invocations=21 (full 1):
 PSYoungGen      total 662016K, used 635366K [0x00000000d5b80000, 0x00000000fff80000, 0x0000000100000000)
  eden space 635392K, 99% used [0x00000000d5b80000,0x00000000fc7e1a00,0x00000000fc800000)
  from space 26624K, 0% used [0x00000000fc800000,0x00000000fc818000,0x00000000fe200000)
  to   space 25088K, 0% used [0x00000000fe700000,0x00000000fe700000,0x00000000fff80000)
 ParOldGen       total 130560K, used 68178K [0x0000000081200000, 0x0000000089180000, 0x00000000d5b80000)
  object space 130560K, 52% used [0x0000000081200000,0x0000000085494b68,0x0000000089180000)
 Metaspace       used 16497K, capacity 16712K, committed 16896K, reserved 1064960K
  class space    used 1469K, capacity 1536K, committed 1536K, reserved 1048576K
Event: 44.533 GC heap after
Heap after GC invocations=21 (full 1):
 PSYoungGen      total 606208K, used 32K [0x00000000d5b80000, 0x00000000fe780000, 0x0000000100000000)
  eden space 605696K, 0% used [0x00000000d5b80000,0x00000000d5b80000,0x00000000fab00000)
  from space 512K, 6% used [0x00000000fe700000,0x00000000fe708000,0x00000000fe780000)
  to   space 23552K, 0% used [0x00000000fb980000,0x00000000fb980000,0x00000000fd080000)
 ParOldGen       total 130560K, used 68178K [0x0000000081200000, 0x0000000089180000, 0x00000000d5b80000)
  object space 130560K, 52% used [0x0000000081200000,0x0000000085494b68,0x0000000089180000)
 Metaspace       used 16497K, capacity 16712K, committed 16896K, reserved 1064960K
  class space    used 1469K, capacity 1536K, committed 1536K, reserved 1048576K
}
Event: 48.383 GC heap before
{Heap before GC invocations=22 (full 1):
 PSYoungGen      total 606208K, used 605728K [0x00000000d5b80000, 0x00000000fe780000, 0x0000000100000000)
  eden space 605696K, 100% used [0x00000000d5b80000,0x00000000fab00000,0x00000000fab00000)
  from space 512K, 6% used [0x00000000fe700000,0x00000000fe708000,0x00000000fe780000)
  to   space 23552K, 0% used [0x00000000fb980000,0x00000000fb980000,0x00000000fd080000)
 ParOldGen       total 130560K, used 68178K [0x0000000081200000, 0x0000000089180000, 0x00000000d5b80000)
  object space 130560K, 52% used [0x0000000081200000,0x0000000085494b68,0x0000000089180000)
 Metaspace       used 16497K, capacity 16712K, committed 16896K, reserved 1064960K
  class space    used 1469K, capacity 1536K, committed 1536K, reserved 1048576K
Event: 48.384 GC heap after
Heap after GC invocations=22 (full 1):
 PSYoungGen      total 601088K, used 96K [0x00000000d5b80000, 0x00000000fe780000, 0x0000000100000000)
  eden space 577536K, 0% used [0x00000000d5b80000,0x00000000d5b80000,0x00000000f8f80000)
  from space 23552K, 0% used [0x00000000fb980000,0x00000000fb998000,0x00000000fd080000)
  to   space 22016K, 0% used [0x00000000fd200000,0x00000000fd200000,0x00000000fe780000)
 ParOldGen       total 130560K, used 68178K [0x0000000081200000, 0x0000000089180000, 0x00000000d5b80000)
  object space 130560K, 52% used [0x0000000081200000,0x0000000085494b68,0x0000000089180000)
 Metaspace       used 16497K, capacity 16712K, committed 16896K, reserved 1064960K
  class space    used 1469K, capacity 1536K, committed 1536K, reserved 1048576K
}
Event: 51.954 GC heap before
{Heap before GC invocations=23 (full 1):
 PSYoungGen      total 601088K, used 577632K [0x00000000d5b80000, 0x00000000fe780000, 0x0000000100000000)
  eden space 577536K, 100% used [0x00000000d5b80000,0x00000000f8f80000,0x00000000f8f80000)
  from space 23552K, 0% used [0x00000000fb980000,0x00000000fb998000,0x00000000fd080000)
  to   space 22016K, 0% used [0x00000000fd200000,0x00000000fd200000,0x00000000fe780000)
 ParOldGen       total 130560K, used 68178K [0x0000000081200000, 0x0000000089180000, 0x00000000d5b80000)
  object space 130560K, 52% used [0x0000000081200000,0x0000000085494b68,0x0000000089180000)
 Metaspace       used 16497K, capacity 16712K, committed 16896K, reserved 1064960K
  class space    used 1469K, capacity 1536K, committed 1536K, reserved 1048576K
Event: 51.955 GC heap after
Heap after GC invocations=23 (full 1):
 PSYoungGen      total 550912K, used 96K [0x00000000d5b80000, 0x00000000fd280000, 0x0000000100000000)
  eden space 550400K, 0% used [0x00000000d5b80000,0x00000000d5b80000,0x00000000f7500000)
  from space 512K, 18% used [0x00000000fd200000,0x00000000fd218000,0x00000000fd280000)
  to   space 20992K, 0% used [0x00000000fa980000,0x00000000fa980000,0x00000000fbe00000)
 ParOldGen       total 130560K, used 68178K [0x0000000081200000, 0x0000000089180000, 0x00000000d5b80000)
  object space 130560K, 52% used [0x0000000081200000,0x0000000085494b68,0x0000000089180000)
 Metaspace       used 16497K, capacity 16712K, committed 16896K, reserved 1064960K
  class space    used 1469K, capacity 1536K, committed 1536K, reserved 1048576K
}
Event: 55.803 GC heap before
{Heap before GC invocations=24 (full 1):
 PSYoungGen      total 550912K, used 550496K [0x00000000d5b80000, 0x00000000fd280000, 0x0000000100000000)
  eden space 550400K, 100% used [0x00000000d5b80000,0x00000000f7500000,0x00000000f7500000)
  from space 512K, 18% used [0x00000000fd200000,0x00000000fd218000,0x00000000fd280000)
  to   space 20992K, 0% used [0x00000000fa980000,0x00000000fa980000,0x00000000fbe00000)
 ParOldGen       total 130560K, used 68178K [0x0000000081200000, 0x0000000089180000, 0x00000000d5b80000)
  object space 130560K, 52% used [0x0000000081200000,0x0000000085494b68,0x0000000089180000)
 Metaspace       used 16497K, capacity 16712K, committed 16896K, reserved 1064960K
  class space    used 1469K, capacity 1536K, committed 1536K, reserved 1048576K
Event: 55.806 GC heap after
Heap after GC invocations=24 (full 1):
 PSYoungGen      total 545792K, used 96K [0x00000000d5b80000, 0x00000000fd280000, 0x0000000100000000)
  eden space 524800K, 0% used [0x00000000d5b80000,0x00000000d5b80000,0x00000000f5c00000)
  from space 20992K, 0% used [0x00000000fa980000,0x00000000fa998000,0x00000000fbe00000)
  to   space 19456K, 0% used [0x00000000fbf80000,0x00000000fbf80000,0x00000000fd280000)
 ParOldGen       total 130560K, used 68178K [0x0000000081200000, 0x0000000089180000, 0x00000000d5b80000)
  object space 130560K, 52% used [0x0000000081200000,0x0000000085494b68,0x0000000089180000)
 Metaspace       used 16497K, capacity 16712K, committed 16896K, reserved 1064960K
  class space    used 1469K, capacity 1536K, committed 1536K, reserved 1048576K
}
Event: 59.941 GC heap before
{Heap before GC invocations=25 (full 1):
 PSYoungGen      total 545792K, used 524772K [0x00000000d5b80000, 0x00000000fd280000, 0x0000000100000000)
  eden space 524800K, 99% used [0x00000000d5b80000,0x00000000f5be1280,0x00000000f5c00000)
  from space 20992K, 0% used [0x00000000fa980000,0x00000000fa998000,0x00000000fbe00000)
  to   space 19456K, 0% used [0x00000000fbf80000,0x00000000fbf80000,0x00000000fd280000)
 ParOldGen       total 130560K, used 68178K [0x0000000081200000, 0x0000000089180000, 0x00000000d5b80000)
  object space 130560K, 52% used [0x0000000081200000,0x0000000085494b68,0x0000000089180000)
 Metaspace       used 16497K, capacity 16712K, committed 16896K, reserved 1064960K
  class space    used 1469K, capacity 1536K, committed 1536K, reserved 1048576K
Event: 59.944 GC heap after
Heap after GC invocations=25 (full 1):
 PSYoungGen      total 500736K, used 64K [0x00000000d5b80000, 0x00000000fc000000, 0x0000000100000000)
  eden space 500224K, 0% used [0x00000000d5b80000,0x00000000d5b80000,0x00000000f4400000)
  from space 512K, 12% used [0x00000000fbf80000,0x00000000fbf90000,0x00000000fc000000)
  to   space 18432K, 0% used [0x00000000f9c00000,0x00000000f9c00000,0x00000000fae00000)
 ParOldGen       total 130560K, used 68178K [0x0000000081200000, 0x0000000089180000, 0x00000000d5b80000)
  object space 130560K, 52% used [0x0000000081200000,0x0000000085494b68,0x0000000089180000)
 Metaspace       used 16497K, capacity 16712K, committed 16896K, reserved 1064960K
  class space    used 1469K, capacity 1536K, committed 1536K, reserved 1048576K
}

