# JRE version: Java(TM) SE Runtime Environment (8.0_202-b08) (build 1.8.0_202-b08)
# Java VM: Java HotSpot(TM) 64-Bit Server VM (25.202-b08 mixed mode windows-amd64 compressed oops)
Heap:
 PSYoungGen      total 137216K, used 49274K [0x00000000d5b80000, 0x00000000f8180000, 0x0000000100000000)
  eden space 136704K, 35% used [0x00000000d5b80000,0x00000000d8b86a18,0x00000000de100000)
  from space 512K, 18% used [0x00000000f8100000,0x00000000f8118000,0x00000000f8180000)
  to   space 1536K, 0% used [0x00000000f7e80000,0x00000000f7e80000,0x00000000f8000000)
 ParOldGen       total 130048K, used 68233K [0x0000000081200000, 0x0000000089100000, 0x00000000d5b80000)
  object space 130048K, 52% used [0x0000000081200000,0x00000000854a2538,0x0000000089100000)
 Metaspace       used 16506K, capacity 16744K, committed 17024K, reserved 1064960K
  class space    used 1475K, capacity 1568K, committed 1664K, reserved 1048576K
GC Heap History (10 events):
Event: 131.355 GC heap before
{Heap before GC invocations=51 (full 1):
 PSYoungGen      total 169472K, used 166608K [0x00000000d5b80000, 0x00000000f8580000, 0x0000000100000000)
  eden space 166912K, 99% used [0x00000000d5b80000,0x00000000dfe2c2f0,0x00000000dfe80000)
  from space 2560K, 1% used [0x00000000f8080000,0x00000000f8088000,0x00000000f8300000)
  to   space 2048K, 0% used [0x00000000f8380000,0x00000000f8380000,0x00000000f8580000)
 ParOldGen       total 130048K, used 68209K [0x0000000081200000, 0x0000000089100000, 0x00000000d5b80000)
  object space 130048K, 52% used [0x0000000081200000,0x000000008549c538,0x0000000089100000)
 Metaspace       used 16501K, capacity 16744K, committed 17024K, reserved 1064960K
  class space    used 1474K, capacity 1568K, committed 1664K, reserved 1048576K
Event: 131.361 GC heap after
Heap after GC invocations=51 (full 1):
 PSYoungGen      total 160768K, used 32K [0x00000000d5b80000, 0x00000000f8400000, 0x0000000100000000)
  eden space 160256K, 0% used [0x00000000d5b80000,0x00000000d5b80000,0x00000000df800000)
  from space 512K, 6% used [0x00000000f8380000,0x00000000f8388000,0x00000000f8400000)
  to   space 2048K, 0% used [0x00000000f8000000,0x00000000f8000000,0x00000000f8200000)
 ParOldGen       total 130048K, used 68209K [0x0000000081200000, 0x0000000089100000, 0x00000000d5b80000)
  object space 130048K, 52% used [0x0000000081200000,0x000000008549c538,0x0000000089100000)
 Metaspace       used 16501K, capacity 16744K, committed 17024K, reserved 1064960K
  class space    used 1474K, capacity 1568K, committed 1664K, reserved 1048576K
}
Event: 132.706 GC heap before
{Heap before GC invocations=52 (full 1):
 PSYoungGen      total 160768K, used 159711K [0x00000000d5b80000, 0x00000000f8400000, 0x0000000100000000)
  eden space 160256K, 99% used [0x00000000d5b80000,0x00000000df76fe48,0x00000000df800000)
  from space 512K, 6% used [0x00000000f8380000,0x00000000f8388000,0x00000000f8400000)
  to   space 2048K, 0% used [0x00000000f8000000,0x00000000f8000000,0x00000000f8200000)
 ParOldGen       total 130048K, used 68209K [0x0000000081200000, 0x0000000089100000, 0x00000000d5b80000)
  object space 130048K, 52% used [0x0000000081200000,0x000000008549c538,0x0000000089100000)
 Metaspace       used 16501K, capacity 16744K, committed 17024K, reserved 1064960K
  class space    used 1474K, capacity 1568K, committed 1664K, reserved 1048576K
Event: 132.709 GC heap after
Heap after GC invocations=52 (full 1):
 PSYoungGen      total 156160K, used 96K [0x00000000d5b80000, 0x00000000f8400000, 0x0000000100000000)
  eden space 154112K, 0% used [0x00000000d5b80000,0x00000000d5b80000,0x00000000df200000)
  from space 2048K, 4% used [0x00000000f8000000,0x00000000f8018000,0x00000000f8200000)
  to   space 2048K, 0% used [0x00000000f8200000,0x00000000f8200000,0x00000000f8400000)
 ParOldGen       total 130048K, used 68209K [0x0000000081200000, 0x0000000089100000, 0x00000000d5b80000)
  object space 130048K, 52% used [0x0000000081200000,0x000000008549c538,0x0000000089100000)
 Metaspace       used 16501K, capacity 16744K, committed 17024K, reserved 1064960K
  class space    used 1474K, capacity 1568K, committed 1664K, reserved 1048576K
}
Event: 134.001 GC heap before
{Heap before GC invocations=53 (full 1):
 PSYoungGen      total 156160K, used 153527K [0x00000000d5b80000, 0x00000000f8400000, 0x0000000100000000)
  eden space 154112K, 99% used [0x00000000d5b80000,0x00000000df155c18,0x00000000df200000)
  from space 2048K, 4% used [0x00000000f8000000,0x00000000f8018000,0x00000000f8200000)
  to   space 2048K, 0% used [0x00000000f8200000,0x00000000f8200000,0x00000000f8400000)
 ParOldGen       total 130048K, used 68209K [0x0000000081200000, 0x0000000089100000, 0x00000000d5b80000)
  object space 130048K, 52% used [0x0000000081200000,0x000000008549c538,0x0000000089100000)
 Metaspace       used 16501K, capacity 16744K, committed 17024K, reserved 1064960K
  class space    used 1474K, capacity 1568K, committed 1664K, reserved 1048576K
Event: 134.013 GC heap after
Heap after GC invocations=53 (full 1):
 PSYoungGen      total 148480K, used 32K [0x00000000d5b80000, 0x00000000f8280000, 0x0000000100000000)
  eden space 147968K, 0% used [0x00000000d5b80000,0x00000000d5b80000,0x00000000dec00000)
  from space 512K, 6% used [0x00000000f8200000,0x00000000f8208000,0x00000000f8280000)
  to   space 2048K, 0% used [0x00000000f7e80000,0x00000000f7e80000,0x00000000f8080000)
 ParOldGen       total 130048K, used 68217K [0x0000000081200000, 0x0000000089100000, 0x00000000d5b80000)
  object space 130048K, 52% used [0x0000000081200000,0x000000008549e538,0x0000000089100000)
 Metaspace       used 16501K, capacity 16744K, committed 17024K, reserved 1064960K
  class space    used 1474K, capacity 1568K, committed 1664K, reserved 1048576K
}
Event: 135.278 GC heap before
{Heap before GC invocations=54 (full 1):
 PSYoungGen      total 148480K, used 147625K [0x00000000d5b80000, 0x00000000f8280000, 0x0000000100000000)
  eden space 147968K, 99% used [0x00000000d5b80000,0x00000000deba2780,0x00000000dec00000)
  from space 512K, 6% used [0x00000000f8200000,0x00000000f8208000,0x00000000f8280000)
  to   space 2048K, 0% used [0x00000000f7e80000,0x00000000f7e80000,0x00000000f8080000)
 ParOldGen       total 130048K, used 68217K [0x0000000081200000, 0x0000000089100000, 0x00000000d5b80000)
  object space 130048K, 52% used [0x0000000081200000,0x000000008549e538,0x0000000089100000)
 Metaspace       used 16501K, capacity 16744K, committed 17024K, reserved 1064960K
  class space    used 1474K, capacity 1568K, committed 1664K, reserved 1048576K
Event: 135.296 GC heap after
Heap after GC invocations=54 (full 1):
 PSYoungGen      total 144384K, used 32K [0x00000000d5b80000, 0x00000000f8280000, 0x0000000100000000)
  eden space 142336K, 0% used [0x00000000d5b80000,0x00000000d5b80000,0x00000000de680000)
  from space 2048K, 1% used [0x00000000f7e80000,0x00000000f7e88000,0x00000000f8080000)
  to   space 1536K, 0% used [0x00000000f8100000,0x00000000f8100000,0x00000000f8280000)
 ParOldGen       total 130048K, used 68217K [0x0000000081200000, 0x0000000089100000, 0x00000000d5b80000)
  object space 130048K, 52% used [0x0000000081200000,0x000000008549e538,0x0000000089100000)
 Metaspace       used 16501K, capacity 16744K, committed 17024K, reserved 1064960K
  class space    used 1474K, capacity 1568K, committed 1664K, reserved 1048576K
}
Event: 136.421 GC heap before
{Heap before GC invocations=55 (full 1):
 PSYoungGen      total 144384K, used 141626K [0x00000000d5b80000, 0x00000000f8280000, 0x0000000100000000)
  eden space 142336K, 99% used [0x00000000d5b80000,0x00000000de5c68b8,0x00000000de680000)
  from space 2048K, 1% used [0x00000000f7e80000,0x00000000f7e88000,0x00000000f8080000)
  to   space 1536K, 0% used [0x00000000f8100000,0x00000000f8100000,0x00000000f8280000)
 ParOldGen       total 130048K, used 68217K [0x0000000081200000, 0x0000000089100000, 0x00000000d5b80000)
  object space 130048K, 52% used [0x0000000081200000,0x000000008549e538,0x0000000089100000)
 Metaspace       used 16501K, capacity 16744K, committed 17024K, reserved 1064960K
  class space    used 1474K, capacity 1568K, committed 1664K, reserved 1048576K
Event: 136.425 GC heap after
Heap after GC invocations=55 (full 1):
 PSYoungGen      total 137216K, used 96K [0x00000000d5b80000, 0x00000000f8180000, 0x0000000100000000)
  eden space 136704K, 0% used [0x00000000d5b80000,0x00000000d5b80000,0x00000000de100000)
  from space 512K, 18% used [0x00000000f8100000,0x00000000f8118000,0x00000000f8180000)
  to   space 1536K, 0% used [0x00000000f7e80000,0x00000000f7e80000,0x00000000f8000000)
 ParOldGen       total 130048K, used 68233K [0x0000000081200000, 0x0000000089100000, 0x00000000d5b80000)
  object space 130048K, 52% used [0x0000000081200000,0x00000000854a2538,0x0000000089100000)
 Metaspace       used 16501K, capacity 16744K, committed 17024K, reserved 1064960K
  class space    used 1474K, capacity 1568K, committed 1664K, reserved 1048576K
}

