# JRE version: Java(TM) SE Runtime Environment (8.0_202-b08) (build 1.8.0_202-b08)
# Java VM: Java HotSpot(TM) 64-Bit Server VM (25.202-b08 mixed mode windows-amd64 compressed oops)
Heap:
 PSYoungGen      total 345088K, used 257722K [0x00000000d5b80000, 0x00000000ed000000, 0x0000000100000000)
  eden space 324096K, 79% used [0x00000000d5b80000,0x00000000e5716b78,0x00000000e9800000)
  from space 20992K, 0% used [0x00000000ebb80000,0x00000000ebb98000,0x00000000ed000000)
  to   space 28672K, 0% used [0x00000000e9800000,0x00000000e9800000,0x00000000eb400000)
 ParOldGen       total 130048K, used 68082K [0x0000000081200000, 0x0000000089100000, 0x00000000d5b80000)
  object space 130048K, 52% used [0x0000000081200000,0x000000008547c9d0,0x0000000089100000)
 Metaspace       used 16467K, capacity 16680K, committed 17024K, reserved 1064960K
  class space    used 1477K, capacity 1568K, committed 1664K, reserved 1048576K
GC Heap History (10 events):
Event: 3.688 GC heap before
{Heap before GC invocations=7 (full 1):
 PSYoungGen      total 71680K, used 71672K [0x00000000d5b80000, 0x00000000e1200000, 0x0000000100000000)
  eden space 66560K, 100% used [0x00000000d5b80000,0x00000000d9c80000,0x00000000d9c80000)
  from space 5120K, 99% used [0x00000000d9c80000,0x00000000da17e070,0x00000000da180000)
  to   space 31744K, 0% used [0x00000000df300000,0x00000000df300000,0x00000000e1200000)
 ParOldGen       total 130048K, used 62941K [0x0000000081200000, 0x0000000089100000, 0x00000000d5b80000)
  object space 130048K, 48% used [0x0000000081200000,0x0000000084f774c0,0x0000000089100000)
 Metaspace       used 16158K, capacity 16424K, committed 16768K, reserved 1064960K
  class space    used 1476K, capacity 1568K, committed 1664K, reserved 1048576K
Event: 3.696 GC heap after
Heap after GC invocations=7 (full 1):
 PSYoungGen      total 156160K, used 5144K [0x00000000d5b80000, 0x00000000e1280000, 0x0000000100000000)
  eden space 124416K, 0% used [0x00000000d5b80000,0x00000000d5b80000,0x00000000dd500000)
  from space 31744K, 16% used [0x00000000df300000,0x00000000df806070,0x00000000e1200000)
  to   space 30720K, 0% used [0x00000000dd500000,0x00000000dd500000,0x00000000df300000)
 ParOldGen       total 130048K, used 62949K [0x0000000081200000, 0x0000000089100000, 0x00000000d5b80000)
  object space 130048K, 48% used [0x0000000081200000,0x0000000084f794c0,0x0000000089100000)
 Metaspace       used 16158K, capacity 16424K, committed 16768K, reserved 1064960K
  class space    used 1476K, capacity 1568K, committed 1664K, reserved 1048576K
}
Event: 5.026 GC heap before
{Heap before GC invocations=8 (full 1):
 PSYoungGen      total 156160K, used 128899K [0x00000000d5b80000, 0x00000000e1280000, 0x0000000100000000)
  eden space 124416K, 99% used [0x00000000d5b80000,0x00000000dd45adc8,0x00000000dd500000)
  from space 31744K, 16% used [0x00000000df300000,0x00000000df806070,0x00000000e1200000)
  to   space 30720K, 0% used [0x00000000dd500000,0x00000000dd500000,0x00000000df300000)
 ParOldGen       total 130048K, used 62949K [0x0000000081200000, 0x0000000089100000, 0x00000000d5b80000)
  object space 130048K, 48% used [0x0000000081200000,0x0000000084f794c0,0x0000000089100000)
 Metaspace       used 16218K, capacity 16488K, committed 16768K, reserved 1064960K
  class space    used 1476K, capacity 1568K, committed 1664K, reserved 1048576K
Event: 5.034 GC heap after
Heap after GC invocations=8 (full 1):
 PSYoungGen      total 155136K, used 5176K [0x00000000d5b80000, 0x00000000e7700000, 0x0000000100000000)
  eden space 124416K, 0% used [0x00000000d5b80000,0x00000000d5b80000,0x00000000dd500000)
  from space 30720K, 16% used [0x00000000dd500000,0x00000000dda0e070,0x00000000df300000)
  to   space 29696K, 0% used [0x00000000e5a00000,0x00000000e5a00000,0x00000000e7700000)
 ParOldGen       total 130048K, used 62957K [0x0000000081200000, 0x0000000089100000, 0x00000000d5b80000)
  object space 130048K, 48% used [0x0000000081200000,0x0000000084f7b4c0,0x0000000089100000)
 Metaspace       used 16218K, capacity 16488K, committed 16768K, reserved 1064960K
  class space    used 1476K, capacity 1568K, committed 1664K, reserved 1048576K
}
Event: 6.765 GC heap before
{Heap before GC invocations=9 (full 1):
 PSYoungGen      total 155136K, used 129036K [0x00000000d5b80000, 0x00000000e7700000, 0x0000000100000000)
  eden space 124416K, 99% used [0x00000000d5b80000,0x00000000dd475070,0x00000000dd500000)
  from space 30720K, 16% used [0x00000000dd500000,0x00000000dda0e070,0x00000000df300000)
  to   space 29696K, 0% used [0x00000000e5a00000,0x00000000e5a00000,0x00000000e7700000)
 ParOldGen       total 130048K, used 62957K [0x0000000081200000, 0x0000000089100000, 0x00000000d5b80000)
  object space 130048K, 48% used [0x0000000081200000,0x0000000084f7b4c0,0x0000000089100000)
 Metaspace       used 16293K, capacity 16552K, committed 16768K, reserved 1064960K
  class space    used 1476K, capacity 1568K, committed 1664K, reserved 1048576K
Event: 6.768 GC heap after
Heap after GC invocations=9 (full 1):
 PSYoungGen      total 250368K, used 944K [0x00000000d5b80000, 0x00000000e7180000, 0x0000000100000000)
  eden space 226304K, 0% used [0x00000000d5b80000,0x00000000d5b80000,0x00000000e3880000)
  from space 24064K, 3% used [0x00000000e5a00000,0x00000000e5aec010,0x00000000e7180000)
  to   space 29184K, 0% used [0x00000000e3880000,0x00000000e3880000,0x00000000e5500000)
 ParOldGen       total 130048K, used 67170K [0x0000000081200000, 0x0000000089100000, 0x00000000d5b80000)
  object space 130048K, 51% used [0x0000000081200000,0x00000000853989c0,0x0000000089100000)
 Metaspace       used 16293K, capacity 16552K, committed 16768K, reserved 1064960K
  class space    used 1476K, capacity 1568K, committed 1664K, reserved 1048576K
}
Event: 8.642 GC heap before
{Heap before GC invocations=10 (full 1):
 PSYoungGen      total 250368K, used 226625K [0x00000000d5b80000, 0x00000000e7180000, 0x0000000100000000)
  eden space 226304K, 99% used [0x00000000d5b80000,0x00000000e37e46a8,0x00000000e3880000)
  from space 24064K, 3% used [0x00000000e5a00000,0x00000000e5aec010,0x00000000e7180000)
  to   space 29184K, 0% used [0x00000000e3880000,0x00000000e3880000,0x00000000e5500000)
 ParOldGen       total 130048K, used 67170K [0x0000000081200000, 0x0000000089100000, 0x00000000d5b80000)
  object space 130048K, 51% used [0x0000000081200000,0x00000000853989c0,0x0000000089100000)
 Metaspace       used 16324K, capacity 16552K, committed 16768K, reserved 1064960K
  class space    used 1476K, capacity 1568K, committed 1664K, reserved 1048576K
Event: 8.646 GC heap after
Heap after GC invocations=10 (full 1):
 PSYoungGen      total 255488K, used 64K [0x00000000d5b80000, 0x00000000ed800000, 0x0000000100000000)
  eden space 226304K, 0% used [0x00000000d5b80000,0x00000000d5b80000,0x00000000e3880000)
  from space 29184K, 0% used [0x00000000e3880000,0x00000000e3890000,0x00000000e5500000)
  to   space 29184K, 0% used [0x00000000ebb80000,0x00000000ebb80000,0x00000000ed800000)
 ParOldGen       total 130048K, used 68058K [0x0000000081200000, 0x0000000089100000, 0x00000000d5b80000)
  object space 130048K, 52% used [0x0000000081200000,0x00000000854769d0,0x0000000089100000)
 Metaspace       used 16324K, capacity 16552K, committed 16768K, reserved 1064960K
  class space    used 1476K, capacity 1568K, committed 1664K, reserved 1048576K
}
Event: 10.467 GC heap before
{Heap before GC invocations=11 (full 1):
 PSYoungGen      total 255488K, used 225788K [0x00000000d5b80000, 0x00000000ed800000, 0x0000000100000000)
  eden space 226304K, 99% used [0x00000000d5b80000,0x00000000e37ef060,0x00000000e3880000)
  from space 29184K, 0% used [0x00000000e3880000,0x00000000e3890000,0x00000000e5500000)
  to   space 29184K, 0% used [0x00000000ebb80000,0x00000000ebb80000,0x00000000ed800000)
 ParOldGen       total 130048K, used 68058K [0x0000000081200000, 0x0000000089100000, 0x00000000d5b80000)
  object space 130048K, 52% used [0x0000000081200000,0x00000000854769d0,0x0000000089100000)
 Metaspace       used 16415K, capacity 16616K, committed 17024K, reserved 1064960K
  class space    used 1476K, capacity 1568K, committed 1664K, reserved 1048576K
Event: 10.471 GC heap after
Heap after GC invocations=11 (full 1):
 PSYoungGen      total 345088K, used 96K [0x00000000d5b80000, 0x00000000ed000000, 0x0000000100000000)
  eden space 324096K, 0% used [0x00000000d5b80000,0x00000000d5b80000,0x00000000e9800000)
  from space 20992K, 0% used [0x00000000ebb80000,0x00000000ebb98000,0x00000000ed000000)
  to   space 28672K, 0% used [0x00000000e9800000,0x00000000e9800000,0x00000000eb400000)
 ParOldGen       total 130048K, used 68082K [0x0000000081200000, 0x0000000089100000, 0x00000000d5b80000)
  object space 130048K, 52% used [0x0000000081200000,0x000000008547c9d0,0x0000000089100000)
 Metaspace       used 16415K, capacity 16616K, committed 17024K, reserved 1064960K
  class space    used 1476K, capacity 1568K, committed 1664K, reserved 1048576K
}

