# JRE version: Java(TM) SE Runtime Environment (8.0_202-b08) (build 1.8.0_202-b08)
# Java VM: Java HotSpot(TM) 64-Bit Server VM (25.202-b08 mixed mode windows-amd64 compressed oops)
Heap:
 PSYoungGen      total 53760K, used 39674K [0x00000000d5b80000, 0x00000000fc700000, 0x0000000100000000)
  eden space 53248K, 74% used [0x00000000d5b80000,0x00000000d822ea90,0x00000000d8f80000)
  from space 512K, 12% used [0x00000000fc680000,0x00000000fc690000,0x00000000fc700000)
  to   space 512K, 0% used [0x00000000fc600000,0x00000000fc600000,0x00000000fc680000)
 ParOldGen       total 132608K, used 68845K [0x0000000081200000, 0x0000000089380000, 0x00000000d5b80000)
  object space 132608K, 51% used [0x0000000081200000,0x000000008553b678,0x0000000089380000)
 Metaspace       used 16478K, capacity 16712K, committed 16896K, reserved 1064960K
  class space    used 1472K, capacity 1536K, committed 1536K, reserved 1048576K
GC Heap History (10 events):
Event: 346.012 GC heap before
{Heap before GC invocations=493 (full 1):
 PSYoungGen      total 61440K, used 60928K [0x00000000d5b80000, 0x00000000fc700000, 0x0000000100000000)
  eden space 60928K, 99% used [0x00000000d5b80000,0x00000000d96e8168,0x00000000d9700000)
  from space 512K, 18% used [0x00000000fc600000,0x00000000fc618000,0x00000000fc680000)
  to   space 512K, 0% used [0x00000000fc680000,0x00000000fc680000,0x00000000fc700000)
 ParOldGen       total 132608K, used 68821K [0x0000000081200000, 0x0000000089380000, 0x00000000d5b80000)
  object space 132608K, 51% used [0x0000000081200000,0x0000000085535678,0x0000000089380000)
 Metaspace       used 16477K, capacity 16712K, committed 16896K, reserved 1064960K
  class space    used 1472K, capacity 1536K, committed 1536K, reserved 1048576K
Event: 346.015 GC heap after
Heap after GC invocations=493 (full 1):
 PSYoungGen      total 59904K, used 96K [0x00000000d5b80000, 0x00000000fc700000, 0x0000000100000000)
  eden space 59392K, 0% used [0x00000000d5b80000,0x00000000d5b80000,0x00000000d9580000)
  from space 512K, 18% used [0x00000000fc680000,0x00000000fc698000,0x00000000fc700000)
  to   space 512K, 0% used [0x00000000fc600000,0x00000000fc600000,0x00000000fc680000)
 ParOldGen       total 132608K, used 68821K [0x0000000081200000, 0x0000000089380000, 0x00000000d5b80000)
  object space 132608K, 51% used [0x0000000081200000,0x0000000085535678,0x0000000089380000)
 Metaspace       used 16477K, capacity 16712K, committed 16896K, reserved 1064960K
  class space    used 1472K, capacity 1536K, committed 1536K, reserved 1048576K
}
Event: 346.533 GC heap before
{Heap before GC invocations=494 (full 1):
 PSYoungGen      total 59904K, used 59407K [0x00000000d5b80000, 0x00000000fc700000, 0x0000000100000000)
  eden space 59392K, 99% used [0x00000000d5b80000,0x00000000d956bc58,0x00000000d9580000)
  from space 512K, 18% used [0x00000000fc680000,0x00000000fc698000,0x00000000fc700000)
  to   space 512K, 0% used [0x00000000fc600000,0x00000000fc600000,0x00000000fc680000)
 ParOldGen       total 132608K, used 68821K [0x0000000081200000, 0x0000000089380000, 0x00000000d5b80000)
  object space 132608K, 51% used [0x0000000081200000,0x0000000085535678,0x0000000089380000)
 Metaspace       used 16477K, capacity 16712K, committed 16896K, reserved 1064960K
  class space    used 1472K, capacity 1536K, committed 1536K, reserved 1048576K
Event: 346.534 GC heap after
Heap after GC invocations=494 (full 1):
 PSYoungGen      total 58368K, used 96K [0x00000000d5b80000, 0x00000000fc700000, 0x0000000100000000)
  eden space 57856K, 0% used [0x00000000d5b80000,0x00000000d5b80000,0x00000000d9400000)
  from space 512K, 18% used [0x00000000fc600000,0x00000000fc618000,0x00000000fc680000)
  to   space 512K, 0% used [0x00000000fc680000,0x00000000fc680000,0x00000000fc700000)
 ParOldGen       total 132608K, used 68821K [0x0000000081200000, 0x0000000089380000, 0x00000000d5b80000)
  object space 132608K, 51% used [0x0000000081200000,0x0000000085535678,0x0000000089380000)
 Metaspace       used 16477K, capacity 16712K, committed 16896K, reserved 1064960K
  class space    used 1472K, capacity 1536K, committed 1536K, reserved 1048576K
}
Event: 347.066 GC heap before
{Heap before GC invocations=495 (full 1):
 PSYoungGen      total 58368K, used 57549K [0x00000000d5b80000, 0x00000000fc700000, 0x0000000100000000)
  eden space 57856K, 99% used [0x00000000d5b80000,0x00000000d939b560,0x00000000d9400000)
  from space 512K, 18% used [0x00000000fc600000,0x00000000fc618000,0x00000000fc680000)
  to   space 512K, 0% used [0x00000000fc680000,0x00000000fc680000,0x00000000fc700000)
 ParOldGen       total 132608K, used 68821K [0x0000000081200000, 0x0000000089380000, 0x00000000d5b80000)
  object space 132608K, 51% used [0x0000000081200000,0x0000000085535678,0x0000000089380000)
 Metaspace       used 16477K, capacity 16712K, committed 16896K, reserved 1064960K
  class space    used 1472K, capacity 1536K, committed 1536K, reserved 1048576K
Event: 347.067 GC heap after
Heap after GC invocations=495 (full 1):
 PSYoungGen      total 56832K, used 96K [0x00000000d5b80000, 0x00000000fc700000, 0x0000000100000000)
  eden space 56320K, 0% used [0x00000000d5b80000,0x00000000d5b80000,0x00000000d9280000)
  from space 512K, 18% used [0x00000000fc680000,0x00000000fc698000,0x00000000fc700000)
  to   space 512K, 0% used [0x00000000fc600000,0x00000000fc600000,0x00000000fc680000)
 ParOldGen       total 132608K, used 68821K [0x0000000081200000, 0x0000000089380000, 0x00000000d5b80000)
  object space 132608K, 51% used [0x0000000081200000,0x0000000085535678,0x0000000089380000)
 Metaspace       used 16477K, capacity 16712K, committed 16896K, reserved 1064960K
  class space    used 1472K, capacity 1536K, committed 1536K, reserved 1048576K
}
Event: 347.632 GC heap before
{Heap before GC invocations=496 (full 1):
 PSYoungGen      total 56832K, used 55719K [0x00000000d5b80000, 0x00000000fc700000, 0x0000000100000000)
  eden space 56320K, 98% used [0x00000000d5b80000,0x00000000d91d1f28,0x00000000d9280000)
  from space 512K, 18% used [0x00000000fc680000,0x00000000fc698000,0x00000000fc700000)
  to   space 512K, 0% used [0x00000000fc600000,0x00000000fc600000,0x00000000fc680000)
 ParOldGen       total 132608K, used 68821K [0x0000000081200000, 0x0000000089380000, 0x00000000d5b80000)
  object space 132608K, 51% used [0x0000000081200000,0x0000000085535678,0x0000000089380000)
 Metaspace       used 16477K, capacity 16712K, committed 16896K, reserved 1064960K
  class space    used 1472K, capacity 1536K, committed 1536K, reserved 1048576K
Event: 347.637 GC heap after
Heap after GC invocations=496 (full 1):
 PSYoungGen      total 55296K, used 64K [0x00000000d5b80000, 0x00000000fc700000, 0x0000000100000000)
  eden space 54784K, 0% used [0x00000000d5b80000,0x00000000d5b80000,0x00000000d9100000)
  from space 512K, 12% used [0x00000000fc600000,0x00000000fc610000,0x00000000fc680000)
  to   space 512K, 0% used [0x00000000fc680000,0x00000000fc680000,0x00000000fc700000)
 ParOldGen       total 132608K, used 68821K [0x0000000081200000, 0x0000000089380000, 0x00000000d5b80000)
  object space 132608K, 51% used [0x0000000081200000,0x0000000085535678,0x0000000089380000)
 Metaspace       used 16477K, capacity 16712K, committed 16896K, reserved 1064960K
  class space    used 1472K, capacity 1536K, committed 1536K, reserved 1048576K
}
Event: 348.084 GC heap before
{Heap before GC invocations=497 (full 1):
 PSYoungGen      total 55296K, used 54057K [0x00000000d5b80000, 0x00000000fc700000, 0x0000000100000000)
  eden space 54784K, 98% used [0x00000000d5b80000,0x00000000d903a710,0x00000000d9100000)
  from space 512K, 12% used [0x00000000fc600000,0x00000000fc610000,0x00000000fc680000)
  to   space 512K, 0% used [0x00000000fc680000,0x00000000fc680000,0x00000000fc700000)
 ParOldGen       total 132608K, used 68821K [0x0000000081200000, 0x0000000089380000, 0x00000000d5b80000)
  object space 132608K, 51% used [0x0000000081200000,0x0000000085535678,0x0000000089380000)
 Metaspace       used 16477K, capacity 16712K, committed 16896K, reserved 1064960K
  class space    used 1472K, capacity 1536K, committed 1536K, reserved 1048576K
Event: 348.087 GC heap after
Heap after GC invocations=497 (full 1):
 PSYoungGen      total 53760K, used 64K [0x00000000d5b80000, 0x00000000fc700000, 0x0000000100000000)
  eden space 53248K, 0% used [0x00000000d5b80000,0x00000000d5b80000,0x00000000d8f80000)
  from space 512K, 12% used [0x00000000fc680000,0x00000000fc690000,0x00000000fc700000)
  to   space 512K, 0% used [0x00000000fc600000,0x00000000fc600000,0x00000000fc680000)
 ParOldGen       total 132608K, used 68845K [0x0000000081200000, 0x0000000089380000, 0x00000000d5b80000)
  object space 132608K, 51% used [0x0000000081200000,0x000000008553b678,0x0000000089380000)
 Metaspace       used 16477K, capacity 16712K, committed 16896K, reserved 1064960K
  class space    used 1472K, capacity 1536K, committed 1536K, reserved 1048576K
}

