# JRE version: Java(TM) SE Runtime Environment (8.0_202-b08) (build 1.8.0_202-b08)
# Java VM: Java HotSpot(TM) 64-Bit Server VM (25.202-b08 mixed mode windows-amd64 compressed oops)
Heap:
 PSYoungGen      total 667136K, used 202658K [0x00000000d5b80000, 0x00000000ffd00000, 0x0000000100000000)
  eden space 648704K, 31% used [0x00000000d5b80000,0x00000000e2158a08,0x00000000fd500000)
  from space 18432K, 0% used [0x00000000feb00000,0x00000000feb10000,0x00000000ffd00000)
  to   space 20480K, 0% used [0x00000000fd500000,0x00000000fd500000,0x00000000fe900000)
 ParOldGen       total 129536K, used 68151K [0x0000000081200000, 0x0000000089080000, 0x00000000d5b80000)
  object space 129536K, 52% used [0x0000000081200000,0x000000008548dde0,0x0000000089080000)
 Metaspace       used 16516K, capacity 16808K, committed 17024K, reserved 1064960K
  class space    used 1475K, capacity 1568K, committed 1664K, reserved 1048576K
GC Heap History (10 events):
Event: 24.130 GC heap before
{Heap before GC invocations=15 (full 1):
 PSYoungGen      total 502784K, used 475964K [0x00000000d5b80000, 0x0000000100000000, 0x0000000100000000)
  eden space 476160K, 99% used [0x00000000d5b80000,0x00000000f2c473e0,0x00000000f2c80000)
  from space 26624K, 0% used [0x00000000f2c80000,0x00000000f2c88000,0x00000000f4680000)
  to   space 26112K, 0% used [0x00000000fe680000,0x00000000fe680000,0x0000000100000000)
 ParOldGen       total 129536K, used 68143K [0x0000000081200000, 0x0000000089080000, 0x00000000d5b80000)
  object space 129536K, 52% used [0x0000000081200000,0x000000008548bde0,0x0000000089080000)
 Metaspace       used 16510K, capacity 16808K, committed 17024K, reserved 1064960K
  class space    used 1474K, capacity 1568K, committed 1664K, reserved 1048576K
Event: 24.134 GC heap after
Heap after GC invocations=15 (full 1):
 PSYoungGen      total 633856K, used 64K [0x00000000d5b80000, 0x00000000fef00000, 0x0000000100000000)
  eden space 625152K, 0% used [0x00000000d5b80000,0x00000000d5b80000,0x00000000fbe00000)
  from space 8704K, 0% used [0x00000000fe680000,0x00000000fe690000,0x00000000fef00000)
  to   space 25088K, 0% used [0x00000000fbe00000,0x00000000fbe00000,0x00000000fd680000)
 ParOldGen       total 129536K, used 68143K [0x0000000081200000, 0x0000000089080000, 0x00000000d5b80000)
  object space 129536K, 52% used [0x0000000081200000,0x000000008548bde0,0x0000000089080000)
 Metaspace       used 16510K, capacity 16808K, committed 17024K, reserved 1064960K
  class space    used 1474K, capacity 1568K, committed 1664K, reserved 1048576K
}
Event: 29.356 GC heap before
{Heap before GC invocations=16 (full 1):
 PSYoungGen      total 633856K, used 625216K [0x00000000d5b80000, 0x00000000fef00000, 0x0000000100000000)
  eden space 625152K, 100% used [0x00000000d5b80000,0x00000000fbe00000,0x00000000fbe00000)
  from space 8704K, 0% used [0x00000000fe680000,0x00000000fe690000,0x00000000fef00000)
  to   space 25088K, 0% used [0x00000000fbe00000,0x00000000fbe00000,0x00000000fd680000)
 ParOldGen       total 129536K, used 68143K [0x0000000081200000, 0x0000000089080000, 0x00000000d5b80000)
  object space 129536K, 52% used [0x0000000081200000,0x000000008548bde0,0x0000000089080000)
 Metaspace       used 16510K, capacity 16808K, committed 17024K, reserved 1064960K
  class space    used 1474K, capacity 1568K, committed 1664K, reserved 1048576K
Event: 29.361 GC heap after
Heap after GC invocations=16 (full 1):
 PSYoungGen      total 650240K, used 32K [0x00000000d5b80000, 0x0000000100000000, 0x0000000100000000)
  eden space 625152K, 0% used [0x00000000d5b80000,0x00000000d5b80000,0x00000000fbe00000)
  from space 25088K, 0% used [0x00000000fbe00000,0x00000000fbe08000,0x00000000fd680000)
  to   space 23552K, 0% used [0x00000000fe900000,0x00000000fe900000,0x0000000100000000)
 ParOldGen       total 129536K, used 68151K [0x0000000081200000, 0x0000000089080000, 0x00000000d5b80000)
  object space 129536K, 52% used [0x0000000081200000,0x000000008548dde0,0x0000000089080000)
 Metaspace       used 16510K, capacity 16808K, committed 17024K, reserved 1064960K
  class space    used 1474K, capacity 1568K, committed 1664K, reserved 1048576K
}
Event: 34.240 GC heap before
{Heap before GC invocations=17 (full 1):
 PSYoungGen      total 650240K, used 625184K [0x00000000d5b80000, 0x0000000100000000, 0x0000000100000000)
  eden space 625152K, 100% used [0x00000000d5b80000,0x00000000fbe00000,0x00000000fbe00000)
  from space 25088K, 0% used [0x00000000fbe00000,0x00000000fbe08000,0x00000000fd680000)
  to   space 23552K, 0% used [0x00000000fe900000,0x00000000fe900000,0x0000000100000000)
 ParOldGen       total 129536K, used 68151K [0x0000000081200000, 0x0000000089080000, 0x00000000d5b80000)
  object space 129536K, 52% used [0x0000000081200000,0x000000008548dde0,0x0000000089080000)
 Metaspace       used 16510K, capacity 16808K, committed 17024K, reserved 1064960K
  class space    used 1474K, capacity 1568K, committed 1664K, reserved 1048576K
Event: 34.244 GC heap after
Heap after GC invocations=17 (full 1):
 PSYoungGen      total 664064K, used 96K [0x00000000d5b80000, 0x00000000ffc80000, 0x0000000100000000)
  eden space 644096K, 0% used [0x00000000d5b80000,0x00000000d5b80000,0x00000000fd080000)
  from space 19968K, 0% used [0x00000000fe900000,0x00000000fe918000,0x00000000ffc80000)
  to   space 22528K, 0% used [0x00000000fd080000,0x00000000fd080000,0x00000000fe680000)
 ParOldGen       total 129536K, used 68151K [0x0000000081200000, 0x0000000089080000, 0x00000000d5b80000)
  object space 129536K, 52% used [0x0000000081200000,0x000000008548dde0,0x0000000089080000)
 Metaspace       used 16510K, capacity 16808K, committed 17024K, reserved 1064960K
  class space    used 1474K, capacity 1568K, committed 1664K, reserved 1048576K
}
Event: 39.356 GC heap before
{Heap before GC invocations=18 (full 1):
 PSYoungGen      total 664064K, used 644192K [0x00000000d5b80000, 0x00000000ffc80000, 0x0000000100000000)
  eden space 644096K, 100% used [0x00000000d5b80000,0x00000000fd080000,0x00000000fd080000)
  from space 19968K, 0% used [0x00000000fe900000,0x00000000fe918000,0x00000000ffc80000)
  to   space 22528K, 0% used [0x00000000fd080000,0x00000000fd080000,0x00000000fe680000)
 ParOldGen       total 129536K, used 68151K [0x0000000081200000, 0x0000000089080000, 0x00000000d5b80000)
  object space 129536K, 52% used [0x0000000081200000,0x000000008548dde0,0x0000000089080000)
 Metaspace       used 16510K, capacity 16808K, committed 17024K, reserved 1064960K
  class space    used 1474K, capacity 1568K, committed 1664K, reserved 1048576K
Event: 39.359 GC heap after
Heap after GC invocations=18 (full 1):
 PSYoungGen      total 666624K, used 64K [0x00000000d5b80000, 0x0000000100000000, 0x0000000100000000)
  eden space 644096K, 0% used [0x00000000d5b80000,0x00000000d5b80000,0x00000000fd080000)
  from space 22528K, 0% used [0x00000000fd080000,0x00000000fd090000,0x00000000fe680000)
  to   space 21504K, 0% used [0x00000000feb00000,0x00000000feb00000,0x0000000100000000)
 ParOldGen       total 129536K, used 68151K [0x0000000081200000, 0x0000000089080000, 0x00000000d5b80000)
  object space 129536K, 52% used [0x0000000081200000,0x000000008548dde0,0x0000000089080000)
 Metaspace       used 16510K, capacity 16808K, committed 17024K, reserved 1064960K
  class space    used 1474K, capacity 1568K, committed 1664K, reserved 1048576K
}
Event: 44.437 GC heap before
{Heap before GC invocations=19 (full 1):
 PSYoungGen      total 666624K, used 644160K [0x00000000d5b80000, 0x0000000100000000, 0x0000000100000000)
  eden space 644096K, 100% used [0x00000000d5b80000,0x00000000fd080000,0x00000000fd080000)
  from space 22528K, 0% used [0x00000000fd080000,0x00000000fd090000,0x00000000fe680000)
  to   space 21504K, 0% used [0x00000000feb00000,0x00000000feb00000,0x0000000100000000)
 ParOldGen       total 129536K, used 68151K [0x0000000081200000, 0x0000000089080000, 0x00000000d5b80000)
  object space 129536K, 52% used [0x0000000081200000,0x000000008548dde0,0x0000000089080000)
 Metaspace       used 16510K, capacity 16808K, committed 17024K, reserved 1064960K
  class space    used 1474K, capacity 1568K, committed 1664K, reserved 1048576K
Event: 44.439 GC heap after
Heap after GC invocations=19 (full 1):
 PSYoungGen      total 667136K, used 64K [0x00000000d5b80000, 0x00000000ffd00000, 0x0000000100000000)
  eden space 648704K, 0% used [0x00000000d5b80000,0x00000000d5b80000,0x00000000fd500000)
  from space 18432K, 0% used [0x00000000feb00000,0x00000000feb10000,0x00000000ffd00000)
  to   space 20480K, 0% used [0x00000000fd500000,0x00000000fd500000,0x00000000fe900000)
 ParOldGen       total 129536K, used 68151K [0x0000000081200000, 0x0000000089080000, 0x00000000d5b80000)
  object space 129536K, 52% used [0x0000000081200000,0x000000008548dde0,0x0000000089080000)
 Metaspace       used 16510K, capacity 16808K, committed 17024K, reserved 1064960K
  class space    used 1474K, capacity 1568K, committed 1664K, reserved 1048576K
}

