# JRE version: Java(TM) SE Runtime Environment (8.0_202-b08) (build 1.8.0_202-b08)
# Java VM: Java HotSpot(TM) 64-Bit Server VM (25.202-b08 mixed mode windows-amd64 compressed oops)
Heap:
 PSYoungGen      total 561664K, used 358566K [0x00000000d5b80000, 0x00000000fdd80000, 0x0000000100000000)
  eden space 561152K, 63% used [0x00000000d5b80000,0x00000000eb999a10,0x00000000f7f80000)
  from space 512K, 12% used [0x00000000fdd00000,0x00000000fdd10000,0x00000000fdd80000)
  to   space 15872K, 0% used [0x00000000fbe80000,0x00000000fbe80000,0x00000000fce00000)
 ParOldGen       total 129536K, used 68163K [0x0000000081200000, 0x0000000089080000, 0x00000000d5b80000)
  object space 129536K, 52% used [0x0000000081200000,0x0000000085490d60,0x0000000089080000)
 Metaspace       used 16515K, capacity 16808K, committed 17024K, reserved 1064960K
  class space    used 1475K, capacity 1568K, committed 1664K, reserved 1048576K
GC Heap History (10 events):
Event: 42.721 GC heap before
{Heap before GC invocations=19 (full 1):
 PSYoungGen      total 666624K, used 643350K [0x00000000d5b80000, 0x0000000100000000, 0x0000000100000000)
  eden space 644096K, 99% used [0x00000000d5b80000,0x00000000fcfb5af0,0x00000000fd080000)
  from space 22528K, 0% used [0x00000000fd080000,0x00000000fd090000,0x00000000fe680000)
  to   space 21504K, 0% used [0x00000000feb00000,0x00000000feb00000,0x0000000100000000)
 ParOldGen       total 129536K, used 68163K [0x0000000081200000, 0x0000000089080000, 0x00000000d5b80000)
  object space 129536K, 52% used [0x0000000081200000,0x0000000085490d60,0x0000000089080000)
 Metaspace       used 16510K, capacity 16808K, committed 17024K, reserved 1064960K
  class space    used 1474K, capacity 1568K, committed 1664K, reserved 1048576K
Event: 42.725 GC heap after
Heap after GC invocations=19 (full 1):
 PSYoungGen      total 667136K, used 64K [0x00000000d5b80000, 0x00000000ffd00000, 0x0000000100000000)
  eden space 648704K, 0% used [0x00000000d5b80000,0x00000000d5b80000,0x00000000fd500000)
  from space 18432K, 0% used [0x00000000feb00000,0x00000000feb10000,0x00000000ffd00000)
  to   space 20480K, 0% used [0x00000000fd500000,0x00000000fd500000,0x00000000fe900000)
 ParOldGen       total 129536K, used 68163K [0x0000000081200000, 0x0000000089080000, 0x00000000d5b80000)
  object space 129536K, 52% used [0x0000000081200000,0x0000000085490d60,0x0000000089080000)
 Metaspace       used 16510K, capacity 16808K, committed 17024K, reserved 1064960K
  class space    used 1474K, capacity 1568K, committed 1664K, reserved 1048576K
}
Event: 47.601 GC heap before
{Heap before GC invocations=20 (full 1):
 PSYoungGen      total 667136K, used 648768K [0x00000000d5b80000, 0x00000000ffd00000, 0x0000000100000000)
  eden space 648704K, 100% used [0x00000000d5b80000,0x00000000fd500000,0x00000000fd500000)
  from space 18432K, 0% used [0x00000000feb00000,0x00000000feb10000,0x00000000ffd00000)
  to   space 20480K, 0% used [0x00000000fd500000,0x00000000fd500000,0x00000000fe900000)
 ParOldGen       total 129536K, used 68163K [0x0000000081200000, 0x0000000089080000, 0x00000000d5b80000)
  object space 129536K, 52% used [0x0000000081200000,0x0000000085490d60,0x0000000089080000)
 Metaspace       used 16510K, capacity 16808K, committed 17024K, reserved 1064960K
  class space    used 1474K, capacity 1568K, committed 1664K, reserved 1048576K
Event: 47.606 GC heap after
Heap after GC invocations=20 (full 1):
 PSYoungGen      total 669184K, used 32K [0x00000000d5b80000, 0x0000000100000000, 0x0000000100000000)
  eden space 648704K, 0% used [0x00000000d5b80000,0x00000000d5b80000,0x00000000fd500000)
  from space 20480K, 0% used [0x00000000fd500000,0x00000000fd508000,0x00000000fe900000)
  to   space 19456K, 0% used [0x00000000fed00000,0x00000000fed00000,0x0000000100000000)
 ParOldGen       total 129536K, used 68163K [0x0000000081200000, 0x0000000089080000, 0x00000000d5b80000)
  object space 129536K, 52% used [0x0000000081200000,0x0000000085490d60,0x0000000089080000)
 Metaspace       used 16510K, capacity 16808K, committed 17024K, reserved 1064960K
  class space    used 1474K, capacity 1568K, committed 1664K, reserved 1048576K
}
Event: 52.584 GC heap before
{Heap before GC invocations=21 (full 1):
 PSYoungGen      total 669184K, used 648626K [0x00000000d5b80000, 0x0000000100000000, 0x0000000100000000)
  eden space 648704K, 99% used [0x00000000d5b80000,0x00000000fd4e48a0,0x00000000fd500000)
  from space 20480K, 0% used [0x00000000fd500000,0x00000000fd508000,0x00000000fe900000)
  to   space 19456K, 0% used [0x00000000fed00000,0x00000000fed00000,0x0000000100000000)
 ParOldGen       total 129536K, used 68163K [0x0000000081200000, 0x0000000089080000, 0x00000000d5b80000)
  object space 129536K, 52% used [0x0000000081200000,0x0000000085490d60,0x0000000089080000)
 Metaspace       used 16510K, capacity 16808K, committed 17024K, reserved 1064960K
  class space    used 1474K, capacity 1568K, committed 1664K, reserved 1048576K
Event: 52.590 GC heap after
Heap after GC invocations=21 (full 1):
 PSYoungGen      total 618496K, used 64K [0x00000000d5b80000, 0x00000000fed80000, 0x0000000100000000)
  eden space 617984K, 0% used [0x00000000d5b80000,0x00000000d5b80000,0x00000000fb700000)
  from space 512K, 12% used [0x00000000fed00000,0x00000000fed10000,0x00000000fed80000)
  to   space 18432K, 0% used [0x00000000fc980000,0x00000000fc980000,0x00000000fdb80000)
 ParOldGen       total 129536K, used 68163K [0x0000000081200000, 0x0000000089080000, 0x00000000d5b80000)
  object space 129536K, 52% used [0x0000000081200000,0x0000000085490d60,0x0000000089080000)
 Metaspace       used 16510K, capacity 16808K, committed 17024K, reserved 1064960K
  class space    used 1474K, capacity 1568K, committed 1664K, reserved 1048576K
}
Event: 57.201 GC heap before
{Heap before GC invocations=22 (full 1):
 PSYoungGen      total 618496K, used 617748K [0x00000000d5b80000, 0x00000000fed80000, 0x0000000100000000)
  eden space 617984K, 99% used [0x00000000d5b80000,0x00000000fb6b5240,0x00000000fb700000)
  from space 512K, 12% used [0x00000000fed00000,0x00000000fed10000,0x00000000fed80000)
  to   space 18432K, 0% used [0x00000000fc980000,0x00000000fc980000,0x00000000fdb80000)
 ParOldGen       total 129536K, used 68163K [0x0000000081200000, 0x0000000089080000, 0x00000000d5b80000)
  object space 129536K, 52% used [0x0000000081200000,0x0000000085490d60,0x0000000089080000)
 Metaspace       used 16510K, capacity 16808K, committed 17024K, reserved 1064960K
  class space    used 1474K, capacity 1568K, committed 1664K, reserved 1048576K
Event: 57.204 GC heap after
Heap after GC invocations=22 (full 1):
 PSYoungGen      total 607232K, used 96K [0x00000000d5b80000, 0x00000000fed80000, 0x0000000100000000)
  eden space 588800K, 0% used [0x00000000d5b80000,0x00000000d5b80000,0x00000000f9a80000)
  from space 18432K, 0% used [0x00000000fc980000,0x00000000fc998000,0x00000000fdb80000)
  to   space 16896K, 0% used [0x00000000fdd00000,0x00000000fdd00000,0x00000000fed80000)
 ParOldGen       total 129536K, used 68163K [0x0000000081200000, 0x0000000089080000, 0x00000000d5b80000)
  object space 129536K, 52% used [0x0000000081200000,0x0000000085490d60,0x0000000089080000)
 Metaspace       used 16510K, capacity 16808K, committed 17024K, reserved 1064960K
  class space    used 1474K, capacity 1568K, committed 1664K, reserved 1048576K
}
Event: 61.466 GC heap before
{Heap before GC invocations=23 (full 1):
 PSYoungGen      total 607232K, used 588896K [0x00000000d5b80000, 0x00000000fed80000, 0x0000000100000000)
  eden space 588800K, 100% used [0x00000000d5b80000,0x00000000f9a80000,0x00000000f9a80000)
  from space 18432K, 0% used [0x00000000fc980000,0x00000000fc998000,0x00000000fdb80000)
  to   space 16896K, 0% used [0x00000000fdd00000,0x00000000fdd00000,0x00000000fed80000)
 ParOldGen       total 129536K, used 68163K [0x0000000081200000, 0x0000000089080000, 0x00000000d5b80000)
  object space 129536K, 52% used [0x0000000081200000,0x0000000085490d60,0x0000000089080000)
 Metaspace       used 16510K, capacity 16808K, committed 17024K, reserved 1064960K
  class space    used 1474K, capacity 1568K, committed 1664K, reserved 1048576K
Event: 61.468 GC heap after
Heap after GC invocations=23 (full 1):
 PSYoungGen      total 561664K, used 64K [0x00000000d5b80000, 0x00000000fdd80000, 0x0000000100000000)
  eden space 561152K, 0% used [0x00000000d5b80000,0x00000000d5b80000,0x00000000f7f80000)
  from space 512K, 12% used [0x00000000fdd00000,0x00000000fdd10000,0x00000000fdd80000)
  to   space 15872K, 0% used [0x00000000fbe80000,0x00000000fbe80000,0x00000000fce00000)
 ParOldGen       total 129536K, used 68163K [0x0000000081200000, 0x0000000089080000, 0x00000000d5b80000)
  object space 129536K, 52% used [0x0000000081200000,0x0000000085490d60,0x0000000089080000)
 Metaspace       used 16510K, capacity 16808K, committed 17024K, reserved 1064960K
  class space    used 1474K, capacity 1568K, committed 1664K, reserved 1048576K
}

