# JRE version: Java(TM) SE Runtime Environment (8.0_202-b08) (build 1.8.0_202-b08)
# Java VM: Java HotSpot(TM) 64-Bit Server VM (25.202-b08 mixed mode windows-amd64 compressed oops)
Heap:
 PSYoungGen      total 105984K, used 19546K [0x00000000d5b80000, 0x00000000f7c80000, 0x0000000100000000)
  eden space 105472K, 18% used [0x00000000d5b80000,0x00000000d6e76918,0x00000000dc280000)
  from space 512K, 25% used [0x00000000f7c00000,0x00000000f7c20000,0x00000000f7c80000)
  to   space 512K, 0% used [0x00000000f7b80000,0x00000000f7b80000,0x00000000f7c00000)
 ParOldGen       total 130048K, used 68290K [0x0000000081200000, 0x0000000089100000, 0x00000000d5b80000)
  object space 130048K, 52% used [0x0000000081200000,0x00000000854b0bc8,0x0000000089100000)
 Metaspace       used 16528K, capacity 16744K, committed 17024K, reserved 1064960K
  class space    used 1477K, capacity 1568K, committed 1664K, reserved 1048576K
GC Heap History (10 events):
Event: 336.613 GC heap before
{Heap before GC invocations=495 (full 1):
 PSYoungGen      total 127488K, used 126435K [0x00000000d5b80000, 0x00000000f7c80000, 0x0000000100000000)
  eden space 126976K, 99% used [0x00000000d5b80000,0x00000000dd6e8ec0,0x00000000dd780000)
  from space 512K, 12% used [0x00000000f7b80000,0x00000000f7b90000,0x00000000f7c00000)
  to   space 512K, 0% used [0x00000000f7c00000,0x00000000f7c00000,0x00000000f7c80000)
 ParOldGen       total 130048K, used 68282K [0x0000000081200000, 0x0000000089100000, 0x00000000d5b80000)
  object space 130048K, 52% used [0x0000000081200000,0x00000000854aebc8,0x0000000089100000)
 Metaspace       used 16513K, capacity 16744K, committed 17024K, reserved 1064960K
  class space    used 1476K, capacity 1568K, committed 1664K, reserved 1048576K
Event: 336.617 GC heap after
Heap after GC invocations=495 (full 1):
 PSYoungGen      total 122880K, used 64K [0x00000000d5b80000, 0x00000000f7c80000, 0x0000000100000000)
  eden space 122368K, 0% used [0x00000000d5b80000,0x00000000d5b80000,0x00000000dd300000)
  from space 512K, 12% used [0x00000000f7c00000,0x00000000f7c10000,0x00000000f7c80000)
  to   space 512K, 0% used [0x00000000f7b80000,0x00000000f7b80000,0x00000000f7c00000)
 ParOldGen       total 130048K, used 68290K [0x0000000081200000, 0x0000000089100000, 0x00000000d5b80000)
  object space 130048K, 52% used [0x0000000081200000,0x00000000854b0bc8,0x0000000089100000)
 Metaspace       used 16513K, capacity 16744K, committed 17024K, reserved 1064960K
  class space    used 1476K, capacity 1568K, committed 1664K, reserved 1048576K
}
Event: 337.973 GC heap before
{Heap before GC invocations=496 (full 1):
 PSYoungGen      total 122880K, used 122423K [0x00000000d5b80000, 0x00000000f7c80000, 0x0000000100000000)
  eden space 122368K, 99% used [0x00000000d5b80000,0x00000000dd2fde10,0x00000000dd300000)
  from space 512K, 12% used [0x00000000f7c00000,0x00000000f7c10000,0x00000000f7c80000)
  to   space 512K, 0% used [0x00000000f7b80000,0x00000000f7b80000,0x00000000f7c00000)
 ParOldGen       total 130048K, used 68290K [0x0000000081200000, 0x0000000089100000, 0x00000000d5b80000)
  object space 130048K, 52% used [0x0000000081200000,0x00000000854b0bc8,0x0000000089100000)
 Metaspace       used 16517K, capacity 16744K, committed 17024K, reserved 1064960K
  class space    used 1477K, capacity 1568K, committed 1664K, reserved 1048576K
Event: 337.976 GC heap after
Heap after GC invocations=496 (full 1):
 PSYoungGen      total 118272K, used 128K [0x00000000d5b80000, 0x00000000f7c80000, 0x0000000100000000)
  eden space 117760K, 0% used [0x00000000d5b80000,0x00000000d5b80000,0x00000000dce80000)
  from space 512K, 25% used [0x00000000f7b80000,0x00000000f7ba0000,0x00000000f7c00000)
  to   space 512K, 0% used [0x00000000f7c00000,0x00000000f7c00000,0x00000000f7c80000)
 ParOldGen       total 130048K, used 68290K [0x0000000081200000, 0x0000000089100000, 0x00000000d5b80000)
  object space 130048K, 52% used [0x0000000081200000,0x00000000854b0bc8,0x0000000089100000)
 Metaspace       used 16517K, capacity 16744K, committed 17024K, reserved 1064960K
  class space    used 1477K, capacity 1568K, committed 1664K, reserved 1048576K
}
Event: 338.929 GC heap before
{Heap before GC invocations=497 (full 1):
 PSYoungGen      total 118272K, used 117820K [0x00000000d5b80000, 0x00000000f7c80000, 0x0000000100000000)
  eden space 117760K, 99% used [0x00000000d5b80000,0x00000000dce6f3d0,0x00000000dce80000)
  from space 512K, 25% used [0x00000000f7b80000,0x00000000f7ba0000,0x00000000f7c00000)
  to   space 512K, 0% used [0x00000000f7c00000,0x00000000f7c00000,0x00000000f7c80000)
 ParOldGen       total 130048K, used 68290K [0x0000000081200000, 0x0000000089100000, 0x00000000d5b80000)
  object space 130048K, 52% used [0x0000000081200000,0x00000000854b0bc8,0x0000000089100000)
 Metaspace       used 16517K, capacity 16744K, committed 17024K, reserved 1064960K
  class space    used 1477K, capacity 1568K, committed 1664K, reserved 1048576K
Event: 338.931 GC heap after
Heap after GC invocations=497 (full 1):
 PSYoungGen      total 114176K, used 96K [0x00000000d5b80000, 0x00000000f7c80000, 0x0000000100000000)
  eden space 113664K, 0% used [0x00000000d5b80000,0x00000000d5b80000,0x00000000dca80000)
  from space 512K, 18% used [0x00000000f7c00000,0x00000000f7c18000,0x00000000f7c80000)
  to   space 512K, 0% used [0x00000000f7b80000,0x00000000f7b80000,0x00000000f7c00000)
 ParOldGen       total 130048K, used 68290K [0x0000000081200000, 0x0000000089100000, 0x00000000d5b80000)
  object space 130048K, 52% used [0x0000000081200000,0x00000000854b0bc8,0x0000000089100000)
 Metaspace       used 16517K, capacity 16744K, committed 17024K, reserved 1064960K
  class space    used 1477K, capacity 1568K, committed 1664K, reserved 1048576K
}
Event: 340.262 GC heap before
{Heap before GC invocations=498 (full 1):
 PSYoungGen      total 114176K, used 113154K [0x00000000d5b80000, 0x00000000f7c80000, 0x0000000100000000)
  eden space 113664K, 99% used [0x00000000d5b80000,0x00000000dc9e8820,0x00000000dca80000)
  from space 512K, 18% used [0x00000000f7c00000,0x00000000f7c18000,0x00000000f7c80000)
  to   space 512K, 0% used [0x00000000f7b80000,0x00000000f7b80000,0x00000000f7c00000)
 ParOldGen       total 130048K, used 68290K [0x0000000081200000, 0x0000000089100000, 0x00000000d5b80000)
  object space 130048K, 52% used [0x0000000081200000,0x00000000854b0bc8,0x0000000089100000)
 Metaspace       used 16519K, capacity 16744K, committed 17024K, reserved 1064960K
  class space    used 1477K, capacity 1568K, committed 1664K, reserved 1048576K
Event: 340.272 GC heap after
Heap after GC invocations=498 (full 1):
 PSYoungGen      total 110080K, used 32K [0x00000000d5b80000, 0x00000000f7c80000, 0x0000000100000000)
  eden space 109568K, 0% used [0x00000000d5b80000,0x00000000d5b80000,0x00000000dc680000)
  from space 512K, 6% used [0x00000000f7b80000,0x00000000f7b88000,0x00000000f7c00000)
  to   space 512K, 0% used [0x00000000f7c00000,0x00000000f7c00000,0x00000000f7c80000)
 ParOldGen       total 130048K, used 68290K [0x0000000081200000, 0x0000000089100000, 0x00000000d5b80000)
  object space 130048K, 52% used [0x0000000081200000,0x00000000854b0bc8,0x0000000089100000)
 Metaspace       used 16519K, capacity 16744K, committed 17024K, reserved 1064960K
  class space    used 1477K, capacity 1568K, committed 1664K, reserved 1048576K
}
Event: 341.508 GC heap before
{Heap before GC invocations=499 (full 1):
 PSYoungGen      total 110080K, used 108938K [0x00000000d5b80000, 0x00000000f7c80000, 0x0000000100000000)
  eden space 109568K, 99% used [0x00000000d5b80000,0x00000000dc5da850,0x00000000dc680000)
  from space 512K, 6% used [0x00000000f7b80000,0x00000000f7b88000,0x00000000f7c00000)
  to   space 512K, 0% used [0x00000000f7c00000,0x00000000f7c00000,0x00000000f7c80000)
 ParOldGen       total 130048K, used 68290K [0x0000000081200000, 0x0000000089100000, 0x00000000d5b80000)
  object space 130048K, 52% used [0x0000000081200000,0x00000000854b0bc8,0x0000000089100000)
 Metaspace       used 16527K, capacity 16744K, committed 17024K, reserved 1064960K
  class space    used 1477K, capacity 1568K, committed 1664K, reserved 1048576K
Event: 341.510 GC heap after
Heap after GC invocations=499 (full 1):
 PSYoungGen      total 105984K, used 128K [0x00000000d5b80000, 0x00000000f7c80000, 0x0000000100000000)
  eden space 105472K, 0% used [0x00000000d5b80000,0x00000000d5b80000,0x00000000dc280000)
  from space 512K, 25% used [0x00000000f7c00000,0x00000000f7c20000,0x00000000f7c80000)
  to   space 512K, 0% used [0x00000000f7b80000,0x00000000f7b80000,0x00000000f7c00000)
 ParOldGen       total 130048K, used 68290K [0x0000000081200000, 0x0000000089100000, 0x00000000d5b80000)
  object space 130048K, 52% used [0x0000000081200000,0x00000000854b0bc8,0x0000000089100000)
 Metaspace       used 16527K, capacity 16744K, committed 17024K, reserved 1064960K
  class space    used 1477K, capacity 1568K, committed 1664K, reserved 1048576K
}

