# JRE version: Java(TM) SE Runtime Environment (8.0_202-b08) (build 1.8.0_202-b08)
# Java VM: Java HotSpot(TM) 64-Bit Server VM (25.202-b08 mixed mode windows-amd64 compressed oops)
Heap:
 PSYoungGen      total 369664K, used 189516K [0x00000000d5b80000, 0x00000000ef080000, 0x0000000100000000)
  eden space 339968K, 55% used [0x00000000d5b80000,0x00000000e147b0d8,0x00000000ea780000)
  from space 29696K, 0% used [0x00000000ed380000,0x00000000ed398000,0x00000000ef080000)
  to   space 37376K, 0% used [0x00000000ea780000,0x00000000ea780000,0x00000000ecc00000)
 ParOldGen       total 130560K, used 68113K [0x0000000081200000, 0x0000000089180000, 0x00000000d5b80000)
  object space 130560K, 52% used [0x0000000081200000,0x0000000085484720,0x0000000089180000)
 Metaspace       used 16474K, capacity 16744K, committed 17024K, reserved 1064960K
  class space    used 1477K, capacity 1568K, committed 1664K, reserved 1048576K
GC Heap History (10 events):
Event: 3.654 GC heap before
{Heap before GC invocations=7 (full 1):
 PSYoungGen      total 71680K, used 71672K [0x00000000d5b80000, 0x00000000e2900000, 0x0000000100000000)
  eden space 66560K, 100% used [0x00000000d5b80000,0x00000000d9c80000,0x00000000d9c80000)
  from space 5120K, 99% used [0x00000000d9c80000,0x00000000da17e070,0x00000000da180000)
  to   space 42496K, 0% used [0x00000000dff80000,0x00000000dff80000,0x00000000e2900000)
 ParOldGen       total 130560K, used 62940K [0x0000000081200000, 0x0000000089180000, 0x00000000d5b80000)
  object space 130560K, 48% used [0x0000000081200000,0x0000000084f77170,0x0000000089180000)
 Metaspace       used 16170K, capacity 16424K, committed 16768K, reserved 1064960K
  class space    used 1476K, capacity 1568K, committed 1664K, reserved 1048576K
Event: 3.660 GC heap after
Heap after GC invocations=7 (full 1):
 PSYoungGen      total 168448K, used 5144K [0x00000000d5b80000, 0x00000000e2880000, 0x0000000100000000)
  eden space 126464K, 0% used [0x00000000d5b80000,0x00000000d5b80000,0x00000000dd700000)
  from space 41984K, 12% used [0x00000000dff80000,0x00000000e0486070,0x00000000e2880000)
  to   space 41472K, 0% used [0x00000000dd700000,0x00000000dd700000,0x00000000dff80000)
 ParOldGen       total 130560K, used 62948K [0x0000000081200000, 0x0000000089180000, 0x00000000d5b80000)
  object space 130560K, 48% used [0x0000000081200000,0x0000000084f79170,0x0000000089180000)
 Metaspace       used 16170K, capacity 16424K, committed 16768K, reserved 1064960K
  class space    used 1476K, capacity 1568K, committed 1664K, reserved 1048576K
}
Event: 5.025 GC heap before
{Heap before GC invocations=8 (full 1):
 PSYoungGen      total 168448K, used 130782K [0x00000000d5b80000, 0x00000000e2880000, 0x0000000100000000)
  eden space 126464K, 99% used [0x00000000d5b80000,0x00000000dd6318e0,0x00000000dd700000)
  from space 41984K, 12% used [0x00000000dff80000,0x00000000e0486070,0x00000000e2880000)
  to   space 41472K, 0% used [0x00000000dd700000,0x00000000dd700000,0x00000000dff80000)
 ParOldGen       total 130560K, used 62948K [0x0000000081200000, 0x0000000089180000, 0x00000000d5b80000)
  object space 130560K, 48% used [0x0000000081200000,0x0000000084f79170,0x0000000089180000)
 Metaspace       used 16243K, capacity 16488K, committed 16768K, reserved 1064960K
  class space    used 1476K, capacity 1568K, committed 1664K, reserved 1048576K
Event: 5.029 GC heap after
Heap after GC invocations=8 (full 1):
 PSYoungGen      total 167936K, used 5176K [0x00000000d5b80000, 0x00000000e9180000, 0x0000000100000000)
  eden space 126464K, 0% used [0x00000000d5b80000,0x00000000d5b80000,0x00000000dd700000)
  from space 41472K, 12% used [0x00000000dd700000,0x00000000ddc0e070,0x00000000dff80000)
  to   space 39936K, 0% used [0x00000000e6a80000,0x00000000e6a80000,0x00000000e9180000)
 ParOldGen       total 130560K, used 62956K [0x0000000081200000, 0x0000000089180000, 0x00000000d5b80000)
  object space 130560K, 48% used [0x0000000081200000,0x0000000084f7b170,0x0000000089180000)
 Metaspace       used 16243K, capacity 16488K, committed 16768K, reserved 1064960K
  class space    used 1476K, capacity 1568K, committed 1664K, reserved 1048576K
}
Event: 6.348 GC heap before
{Heap before GC invocations=9 (full 1):
 PSYoungGen      total 167936K, used 131184K [0x00000000d5b80000, 0x00000000e9180000, 0x0000000100000000)
  eden space 126464K, 99% used [0x00000000d5b80000,0x00000000dd68e070,0x00000000dd700000)
  from space 41472K, 12% used [0x00000000dd700000,0x00000000ddc0e070,0x00000000dff80000)
  to   space 39936K, 0% used [0x00000000e6a80000,0x00000000e6a80000,0x00000000e9180000)
 ParOldGen       total 130560K, used 62956K [0x0000000081200000, 0x0000000089180000, 0x00000000d5b80000)
  object space 130560K, 48% used [0x0000000081200000,0x0000000084f7b170,0x0000000089180000)
 Metaspace       used 16314K, capacity 16552K, committed 16768K, reserved 1064960K
  class space    used 1476K, capacity 1568K, committed 1664K, reserved 1048576K
Event: 6.356 GC heap after
Heap after GC invocations=9 (full 1):
 PSYoungGen      total 267264K, used 1792K [0x00000000d5b80000, 0x00000000e8b80000, 0x0000000100000000)
  eden space 233472K, 0% used [0x00000000d5b80000,0x00000000d5b80000,0x00000000e3f80000)
  from space 33792K, 5% used [0x00000000e6a80000,0x00000000e6c40020,0x00000000e8b80000)
  to   space 38912K, 0% used [0x00000000e3f80000,0x00000000e3f80000,0x00000000e6580000)
 ParOldGen       total 130560K, used 66337K [0x0000000081200000, 0x0000000089180000, 0x00000000d5b80000)
  object space 130560K, 50% used [0x0000000081200000,0x00000000852c8700,0x0000000089180000)
 Metaspace       used 16314K, capacity 16552K, committed 16768K, reserved 1064960K
  class space    used 1476K, capacity 1568K, committed 1664K, reserved 1048576K
}
Event: 9.011 GC heap before
{Heap before GC invocations=10 (full 1):
 PSYoungGen      total 267264K, used 235264K [0x00000000d5b80000, 0x00000000e8b80000, 0x0000000100000000)
  eden space 233472K, 100% used [0x00000000d5b80000,0x00000000e3f80000,0x00000000e3f80000)
  from space 33792K, 5% used [0x00000000e6a80000,0x00000000e6c40020,0x00000000e8b80000)
  to   space 38912K, 0% used [0x00000000e3f80000,0x00000000e3f80000,0x00000000e6580000)
 ParOldGen       total 130560K, used 66337K [0x0000000081200000, 0x0000000089180000, 0x00000000d5b80000)
  object space 130560K, 50% used [0x0000000081200000,0x00000000852c8700,0x0000000089180000)
 Metaspace       used 16355K, capacity 16616K, committed 17024K, reserved 1064960K
  class space    used 1476K, capacity 1568K, committed 1664K, reserved 1048576K
Event: 9.016 GC heap after
Heap after GC invocations=10 (full 1):
 PSYoungGen      total 272384K, used 128K [0x00000000d5b80000, 0x00000000ef900000, 0x0000000100000000)
  eden space 233472K, 0% used [0x00000000d5b80000,0x00000000d5b80000,0x00000000e3f80000)
  from space 38912K, 0% used [0x00000000e3f80000,0x00000000e3fa0000,0x00000000e6580000)
  to   space 38400K, 0% used [0x00000000ed380000,0x00000000ed380000,0x00000000ef900000)
 ParOldGen       total 130560K, used 68081K [0x0000000081200000, 0x0000000089180000, 0x00000000d5b80000)
  object space 130560K, 52% used [0x0000000081200000,0x000000008547c720,0x0000000089180000)
 Metaspace       used 16355K, capacity 16616K, committed 17024K, reserved 1064960K
  class space    used 1476K, capacity 1568K, committed 1664K, reserved 1048576K
}
Event: 10.865 GC heap before
{Heap before GC invocations=11 (full 1):
 PSYoungGen      total 272384K, used 233600K [0x00000000d5b80000, 0x00000000ef900000, 0x0000000100000000)
  eden space 233472K, 100% used [0x00000000d5b80000,0x00000000e3f80000,0x00000000e3f80000)
  from space 38912K, 0% used [0x00000000e3f80000,0x00000000e3fa0000,0x00000000e6580000)
  to   space 38400K, 0% used [0x00000000ed380000,0x00000000ed380000,0x00000000ef900000)
 ParOldGen       total 130560K, used 68081K [0x0000000081200000, 0x0000000089180000, 0x00000000d5b80000)
  object space 130560K, 52% used [0x0000000081200000,0x000000008547c720,0x0000000089180000)
 Metaspace       used 16418K, capacity 16680K, committed 17024K, reserved 1064960K
  class space    used 1476K, capacity 1568K, committed 1664K, reserved 1048576K
Event: 10.868 GC heap after
Heap after GC invocations=11 (full 1):
 PSYoungGen      total 369664K, used 96K [0x00000000d5b80000, 0x00000000ef080000, 0x0000000100000000)
  eden space 339968K, 0% used [0x00000000d5b80000,0x00000000d5b80000,0x00000000ea780000)
  from space 29696K, 0% used [0x00000000ed380000,0x00000000ed398000,0x00000000ef080000)
  to   space 37376K, 0% used [0x00000000ea780000,0x00000000ea780000,0x00000000ecc00000)
 ParOldGen       total 130560K, used 68113K [0x0000000081200000, 0x0000000089180000, 0x00000000d5b80000)
  object space 130560K, 52% used [0x0000000081200000,0x0000000085484720,0x0000000089180000)
 Metaspace       used 16418K, capacity 16680K, committed 17024K, reserved 1064960K
  class space    used 1476K, capacity 1568K, committed 1664K, reserved 1048576K
}

